Using pre-set license
Built from '2021.3/release' branch; Version is '2021.3.12f1 (8af3c3e441b1) revision 9106371'; Using compiler version '192829333'; Build Type 'Release'
OS: 'Windows 10  (10.0.19045) 64bit Professional' Language: 'zh' Physical Memory: 32703 MB
BatchMode: 1, IsHumanControllingUs: 0, StartBugReporterOnCrash: 0, Is64bit: 1, IsPro: 1

COMMAND LINE ARGUMENTS:
D:\unity2021.3.12f1\Unity 2021.3.12f1\Editor\Unity.exe
-adb2
-batchMode
-noUpm
-name
AssetImportWorker0
-projectPath
C:/MyUnity-GroceryStore/功能实现/FunctionRealization
-logFile
Logs/AssetImportWorker0.log
-srvPort
12467
Successfully changed project path to: C:/MyUnity-GroceryStore/功能实现/FunctionRealization
C:/MyUnity-GroceryStore/功能实现/FunctionRealization
[UnityMemory] Configuration Parameters - Can be set up in boot.config
    "memorysetup-bucket-allocator-granularity=16"
    "memorysetup-bucket-allocator-bucket-count=8"
    "memorysetup-bucket-allocator-block-size=33554432"
    "memorysetup-bucket-allocator-block-count=8"
    "memorysetup-main-allocator-block-size=16777216"
    "memorysetup-thread-allocator-block-size=16777216"
    "memorysetup-gfx-main-allocator-block-size=16777216"
    "memorysetup-gfx-thread-allocator-block-size=16777216"
    "memorysetup-cache-allocator-block-size=4194304"
    "memorysetup-typetree-allocator-block-size=2097152"
    "memorysetup-profiler-bucket-allocator-granularity=16"
    "memorysetup-profiler-bucket-allocator-bucket-count=8"
    "memorysetup-profiler-bucket-allocator-block-size=33554432"
    "memorysetup-profiler-bucket-allocator-block-count=8"
    "memorysetup-profiler-allocator-block-size=16777216"
    "memorysetup-profiler-editor-allocator-block-size=1048576"
    "memorysetup-temp-allocator-size-main=16777216"
    "memorysetup-job-temp-allocator-block-size=2097152"
    "memorysetup-job-temp-allocator-block-size-background=1048576"
    "memorysetup-job-temp-allocator-reduction-small-platforms=262144"
    "memorysetup-temp-allocator-size-background-worker=32768"
    "memorysetup-temp-allocator-size-job-worker=262144"
    "memorysetup-temp-allocator-size-preload-manager=33554432"
    "memorysetup-temp-allocator-size-nav-mesh-worker=65536"
    "memorysetup-temp-allocator-size-audio-worker=65536"
    "memorysetup-temp-allocator-size-cloud-worker=32768"
    "memorysetup-temp-allocator-size-gi-baking-worker=262144"
    "memorysetup-temp-allocator-size-gfx=262144"
Refreshing native plugins compatible for Editor in 77.01 ms, found 1 plugins.
Preloading 0 native plugins for Editor in 0.00 ms.
Initialize engine version: 2021.3.12f1 (8af3c3e441b1)
[Subsystems] Discovering subsystems at path D:/unity2021.3.12f1/Unity 2021.3.12f1/Editor/Data/Resources/UnitySubsystems
[Subsystems] Discovering subsystems at path C:/MyUnity-GroceryStore/功能实现/FunctionRealization/Assets
GfxDevice: creating device client; threaded=0; jobified=0
Direct3D:
    Version:  Direct3D 11.0 [level 11.1]
    Renderer: NVIDIA GeForce GTX 1660 (ID=0x2184)
    Vendor:   NVIDIA
    VRAM:     5991 MB
    Driver:   31.0.15.1694
Initialize mono
Mono path[0] = 'D:/unity2021.3.12f1/Unity 2021.3.12f1/Editor/Data/Managed'
Mono path[1] = 'D:/unity2021.3.12f1/Unity 2021.3.12f1/Editor/Data/MonoBleedingEdge/lib/mono/unityjit-win32'
Mono config path = 'D:/unity2021.3.12f1/Unity 2021.3.12f1/Editor/Data/MonoBleedingEdge/etc'
Using monoOptions --debugger-agent=transport=dt_socket,embedding=1,server=y,suspend=n,address=127.0.0.1:56572
Begin MonoManager ReloadAssembly
Registering precompiled unity dll's ...
Register platform support module: D:/unity2021.3.12f1/Unity 2021.3.12f1/Editor/Data/PlaybackEngines/WindowsStandaloneSupport/UnityEditor.WindowsStandalone.Extensions.dll
Registered in 0.002499 seconds.
Native extension for WindowsStandalone target not found
Refreshing native plugins compatible for Editor in 74.02 ms, found 1 plugins.
Preloading 0 native plugins for Editor in 0.00 ms.
Mono: successfully reloaded assembly
- Completed reload, in  0.610 seconds
Domain Reload Profiling:
	ReloadAssembly (611ms)
		BeginReloadAssembly (67ms)
			ExecutionOrderSort (0ms)
			DisableScriptedObjects (0ms)
			BackupInstance (0ms)
			ReleaseScriptingObjects (0ms)
			CreateAndSetChildDomain (1ms)
		EndReloadAssembly (447ms)
			LoadAssemblies (66ms)
			RebuildTransferFunctionScriptingTraits (0ms)
			SetupTypeCache (106ms)
			ReleaseScriptCaches (0ms)
			RebuildScriptCaches (29ms)
			SetupLoadedEditorAssemblies (264ms)
				LogAssemblyErrors (0ms)
				InitializePlatformSupportModulesInManaged (7ms)
				SetLoadedEditorAssemblies (0ms)
				RefreshPlugins (74ms)
				BeforeProcessingInitializeOnLoad (1ms)
				ProcessInitializeOnLoadAttributes (128ms)
				ProcessInitializeOnLoadMethodAttributes (53ms)
				AfterProcessingInitializeOnLoad (0ms)
				EditorAssembliesLoaded (0ms)
			ExecutionOrderSort2 (0ms)
			AwakeInstancesAfterBackupRestoration (0ms)
Platform modules already initialized, skipping
Registering precompiled user dll's ...
Registered in 0.003677 seconds.
Begin MonoManager ReloadAssembly
Symbol file LoadedFromMemory doesn't match image C:\MyUnity-GroceryStore\功能实现\FunctionRealization\Library\PackageCache\com.unity.visualscripting@1.7.8\Editor\VisualScripting.Core\Dependencies\YamlDotNet\Unity.VisualScripting.YamlDotNet.dll
Symbol file LoadedFromMemory doesn't match image C:\MyUnity-GroceryStore\功能实现\FunctionRealization\Library\PackageCache\com.unity.visualscripting@1.7.8\Editor\VisualScripting.Core\Dependencies\DotNetZip\Unity.VisualScripting.IonicZip.dll
Native extension for WindowsStandalone target not found
Refreshing native plugins compatible for Editor in 0.40 ms, found 1 plugins.
Preloading 0 native plugins for Editor in 0.00 ms.
Mono: successfully reloaded assembly
- Completed reload, in  0.850 seconds
Domain Reload Profiling:
	ReloadAssembly (851ms)
		BeginReloadAssembly (104ms)
			ExecutionOrderSort (0ms)
			DisableScriptedObjects (6ms)
			BackupInstance (0ms)
			ReleaseScriptingObjects (0ms)
			CreateAndSetChildDomain (20ms)
		EndReloadAssembly (639ms)
			LoadAssemblies (70ms)
			RebuildTransferFunctionScriptingTraits (0ms)
			SetupTypeCache (218ms)
			ReleaseScriptCaches (1ms)
			RebuildScriptCaches (53ms)
			SetupLoadedEditorAssemblies (255ms)
				LogAssemblyErrors (0ms)
				InitializePlatformSupportModulesInManaged (4ms)
				SetLoadedEditorAssemblies (0ms)
				RefreshPlugins (0ms)
				BeforeProcessingInitializeOnLoad (74ms)
				ProcessInitializeOnLoadAttributes (141ms)
				ProcessInitializeOnLoadMethodAttributes (32ms)
				AfterProcessingInitializeOnLoad (3ms)
				EditorAssembliesLoaded (0ms)
			ExecutionOrderSort2 (0ms)
			AwakeInstancesAfterBackupRestoration (11ms)
Platform modules already initialized, skipping
========================================================================
Worker process is ready to serve import requests
Launched and connected shader compiler UnityShaderCompiler.exe after 0.05 seconds
Refreshing native plugins compatible for Editor in 0.43 ms, found 1 plugins.
Preloading 0 native plugins for Editor in 0.00 ms.
Unloading 2918 Unused Serialized files (Serialized files now loaded: 0)
Unloading 21 unused Assets / (57.0 KB). Loaded Objects now: 3422.
Memory consumption went from 121.3 MB to 121.2 MB.
Total: 2.550300 ms (FindLiveObjects: 0.286000 ms CreateObjectMapping: 0.273200 ms MarkObjects: 1.911300 ms  DeleteObjects: 0.078700 ms)

AssetImportParameters requested are different than current active one (requested -> active):
  custom:video-decoder-ogg-theora: a1e56fd34408186e4bbccfd4996cb3dc -> 
  custom:container-muxer-webm: aa71ff27fc2769a1b78a27578f13a17b -> 
  custom:container-demuxer-webm: 4f35f7cbe854078d1ac9338744f61a02 -> 
  custom:video-encoder-webm-vp8: eb34c28f22e8b96e1ab97ce403110664 -> 
  custom:audio-encoder-webm-vorbis: bf7c407c2cedff20999df2af8eb42d56 -> 
  custom:framework-win-MediaFoundation: 216162199b28c13a410421893ffa2e32 -> 
  custom:container-demuxer-ogg: 62fdf1f143b41e24485cea50d1cbac27 -> 
  custom:video-decoder-webm-vp8: 9c59270c3fd7afecdb556c50c9e8de78 -> 
  custom:audio-decoder-ogg-vorbis: bf7c407c2cedff20999df2af8eb42d56 -> 
========================================================================
Received Import Request.
  Time since last request: 270612.806299 seconds.
  path: Packages/com.unity.2d.tilemap.extras
  artifactKey: Guid(1102fa89768eb5709afe39451e55d1f4) Importer(815301076,1909f56bfc062723c751e8b465ee728b)
Start importing Packages/com.unity.2d.tilemap.extras using Guid(1102fa89768eb5709afe39451e55d1f4) Importer(815301076,1909f56bfc062723c751e8b465ee728b)  -> (artifact id: 'ad7330ac25c80bca500e4aad9158b804') in 0.006618 seconds 
========================================================================
Received Import Request.
  Time since last request: 0.000020 seconds.
  path: Packages/com.unity.2d.tilemap
  artifactKey: Guid(4e00cf00a7281e0d7ee16a9f76f3c3bb) Importer(815301076,1909f56bfc062723c751e8b465ee728b)
Start importing Packages/com.unity.2d.tilemap using Guid(4e00cf00a7281e0d7ee16a9f76f3c3bb) Importer(815301076,1909f56bfc062723c751e8b465ee728b)  -> (artifact id: 'e622192393c5102058dd493363d7370d') in 0.003591 seconds 
========================================================================
Received Import Request.
  Time since last request: 2.052076 seconds.
  path: Packages/com.unity.2d.tilemap.extras/Runtime/Tiles
  artifactKey: Guid(86aeedb511333af45943236d5d6be1b4) Importer(815301076,1909f56bfc062723c751e8b465ee728b)
Start importing Packages/com.unity.2d.tilemap.extras/Runtime/Tiles using Guid(86aeedb511333af45943236d5d6be1b4) Importer(815301076,1909f56bfc062723c751e8b465ee728b)  -> (artifact id: '6ecb47a97faea99427d8a7b13d41be26') in 0.001717 seconds 
========================================================================
Received Import Request.
  Time since last request: 0.835302 seconds.
  path: Packages/com.unity.2d.tilemap.extras/Runtime/Tiles/AnimatedTile
  artifactKey: Guid(daa079e375a6c2c49a30d83bd2d842c2) Importer(815301076,1909f56bfc062723c751e8b465ee728b)
Start importing Packages/com.unity.2d.tilemap.extras/Runtime/Tiles/AnimatedTile using Guid(daa079e375a6c2c49a30d83bd2d842c2) Importer(815301076,1909f56bfc062723c751e8b465ee728b)  -> (artifact id: 'd29413393f08b533dbbad21492167058') in 0.001541 seconds 
========================================================================
Received Import Request.
  Time since last request: 153.482776 seconds.
  path: Assets/_TerrainAutoUpgrade/layer_Ground_05Ground_05_nmpef61c5b653cd7b46.terrainlayer
  artifactKey: Guid(f691b5d58a661634990b1e8fee701230) Importer(815301076,1909f56bfc062723c751e8b465ee728b)
Start importing Assets/_TerrainAutoUpgrade/layer_Ground_05Ground_05_nmpef61c5b653cd7b46.terrainlayer using Guid(f691b5d58a661634990b1e8fee701230) Importer(815301076,1909f56bfc062723c751e8b465ee728b)  -> (artifact id: '64c32182de28ceb01547820dc1cea220') in 0.165292 seconds 
========================================================================
Received Import Request.
  Time since last request: 3.108387 seconds.
  path: Assets/_TerrainAutoUpgrade/layer_Ground_01a964f7a6610d636b.terrainlayer
  artifactKey: Guid(eef9b29ae7b61584c80c23c2c63a9944) Importer(815301076,1909f56bfc062723c751e8b465ee728b)
Start importing Assets/_TerrainAutoUpgrade/layer_Ground_01a964f7a6610d636b.terrainlayer using Guid(eef9b29ae7b61584c80c23c2c63a9944) Importer(815301076,1909f56bfc062723c751e8b465ee728b)  -> (artifact id: '7aefaa49d3d85d0c1b947d608239a2a8') in 0.012834 seconds 
========================================================================
Received Import Request.
  Time since last request: 0.817544 seconds.
  path: Assets/_TerrainAutoUpgrade/layer_Ground_06Ground_06_nmpd070d013450be657.terrainlayer
  artifactKey: Guid(ff789934282abae4d8c8850890563bce) Importer(815301076,1909f56bfc062723c751e8b465ee728b)
Start importing Assets/_TerrainAutoUpgrade/layer_Ground_06Ground_06_nmpd070d013450be657.terrainlayer using Guid(ff789934282abae4d8c8850890563bce) Importer(815301076,1909f56bfc062723c751e8b465ee728b)  -> (artifact id: 'a126594716afbff2dd1d3de4abec7f7a') in 0.015402 seconds 
========================================================================
Received Import Request.
  Time since last request: 0.000018 seconds.
  path: Assets/Function/四叉树场景管理/SceneSeparateDemo/Res/Grounds/Ground_06_nmp.jpg
  artifactKey: Guid(2c4bbe956566f16458caba34e7121401) Importer(815301076,1909f56bfc062723c751e8b465ee728b)
Start importing Assets/Function/四叉树场景管理/SceneSeparateDemo/Res/Grounds/Ground_06_nmp.jpg using Guid(2c4bbe956566f16458caba34e7121401) Importer(815301076,1909f56bfc062723c751e8b465ee728b)  -> (artifact id: 'c26fab7018b3899b898e7067db4a76e2') in 0.028637 seconds 
========================================================================
Received Import Request.
  Time since last request: 8.199609 seconds.
  path: Assets/Function/四叉树场景管理/SceneSeparateDemo/Res/Grounds/Ground_04.jpg
  artifactKey: Guid(b3da9be31588bb64199e4a4f937d58a0) Importer(815301076,1909f56bfc062723c751e8b465ee728b)
Start importing Assets/Function/四叉树场景管理/SceneSeparateDemo/Res/Grounds/Ground_04.jpg using Guid(b3da9be31588bb64199e4a4f937d58a0) Importer(815301076,1909f56bfc062723c751e8b465ee728b)  -> (artifact id: 'c5d72dae331c4d5289f352fae369e925') in 0.009598 seconds 
========================================================================
Received Import Request.
  Time since last request: 16.453898 seconds.
  path: Assets/Function/四叉树场景管理/SceneSeparateDemo/Res/Prefabs_props/Textures/Tree_bark.jpg
  artifactKey: Guid(d84922755059fe543834744378815714) Importer(815301076,1909f56bfc062723c751e8b465ee728b)
Start importing Assets/Function/四叉树场景管理/SceneSeparateDemo/Res/Prefabs_props/Textures/Tree_bark.jpg using Guid(d84922755059fe543834744378815714) Importer(815301076,1909f56bfc062723c751e8b465ee728b)  -> (artifact id: 'd2c21fb41bae6223cf19e0c6e9a3361f') in 0.010487 seconds 
========================================================================
Received Import Request.
  Time since last request: 1.245648 seconds.
  path: Assets/Function/四叉树场景管理/SceneSeparateDemo/Res/Prefabs_props/Textures/tent_stump_glow.tif
  artifactKey: Guid(7922e23ba7c6e8b4199648c6a7c1c2b6) Importer(815301076,1909f56bfc062723c751e8b465ee728b)
Start importing Assets/Function/四叉树场景管理/SceneSeparateDemo/Res/Prefabs_props/Textures/tent_stump_glow.tif using Guid(7922e23ba7c6e8b4199648c6a7c1c2b6) Importer(815301076,1909f56bfc062723c751e8b465ee728b)  -> (artifact id: '8136775021035f05086cce7e10e4ff41') in 0.018794 seconds 
========================================================================
Received Import Request.
  Time since last request: 0.523225 seconds.
  path: Assets/Function/四叉树场景管理/SceneSeparateDemo/Res/Prefabs_props/Textures/tent_stump.tif
  artifactKey: Guid(297f4dbbc02837647a29fec7bc3c4eb8) Importer(815301076,1909f56bfc062723c751e8b465ee728b)
Start importing Assets/Function/四叉树场景管理/SceneSeparateDemo/Res/Prefabs_props/Textures/tent_stump.tif using Guid(297f4dbbc02837647a29fec7bc3c4eb8) Importer(815301076,1909f56bfc062723c751e8b465ee728b)  -> (artifact id: '77be14fe5944c64b0881d0251041dc6a') in 0.009790 seconds 
========================================================================
Received Import Request.
  Time since last request: 17.984609 seconds.
  path: Assets/Function/四叉树场景管理/SceneSeparateDemo/Scenes/Example1.unity
  artifactKey: Guid(9334171dfc3471a4ea3307d731f0fdad) Importer(815301076,1909f56bfc062723c751e8b465ee728b)
Start importing Assets/Function/四叉树场景管理/SceneSeparateDemo/Scenes/Example1.unity using Guid(9334171dfc3471a4ea3307d731f0fdad) Importer(815301076,1909f56bfc062723c751e8b465ee728b)  -> (artifact id: '4e6756fb24deedf76f70f4093707c04b') in 0.002112 seconds 
========================================================================
Received Import Request.
  Time since last request: 0.977642 seconds.
  path: Assets/Function/四叉树场景管理/SceneSeparateDemo/Scenes/Example
  artifactKey: Guid(31dbca58cf6b6264686b9734c25eec54) Importer(815301076,1909f56bfc062723c751e8b465ee728b)
Start importing Assets/Function/四叉树场景管理/SceneSeparateDemo/Scenes/Example using Guid(31dbca58cf6b6264686b9734c25eec54) Importer(815301076,1909f56bfc062723c751e8b465ee728b)  -> (artifact id: '5eca548daa04a95c06814a3e0611114b') in 0.004070 seconds 
========================================================================
Received Import Request.
  Time since last request: 5.580255 seconds.
  path: Assets/Function/四叉树场景管理/SceneSeparateDemo/Scenes/New Terrain.asset
  artifactKey: Guid(f191648f65dcfc94c8fa80a42427c60a) Importer(815301076,1909f56bfc062723c751e8b465ee728b)
Start importing Assets/Function/四叉树场景管理/SceneSeparateDemo/Scenes/New Terrain.asset using Guid(f191648f65dcfc94c8fa80a42427c60a) Importer(815301076,1909f56bfc062723c751e8b465ee728b)  -> (artifact id: '6b498da15a600c7bb875c7f47d74c35f') in 0.016974 seconds 
========================================================================
Received Import Request.
  Time since last request: 24.014219 seconds.
  path: Assets/Function/四叉树场景管理/WorldMap/WorldMap.prefab
  artifactKey: Guid(b77003cc587946c43822b612c51c1b1c) Importer(815301076,1909f56bfc062723c751e8b465ee728b)
Start importing Assets/Function/四叉树场景管理/WorldMap/WorldMap.prefab using Guid(b77003cc587946c43822b612c51c1b1c) Importer(815301076,1909f56bfc062723c751e8b465ee728b)  -> (artifact id: 'cc5bc767d115e63981afcb358f0dde79') in 0.040167 seconds 
========================================================================
Received Prepare
Registering precompiled user dll's ...
Registered in 0.003497 seconds.
Begin MonoManager ReloadAssembly
Symbol file LoadedFromMemory doesn't match image C:\MyUnity-GroceryStore\功能实现\FunctionRealization\Library\PackageCache\com.unity.visualscripting@1.7.8\Editor\VisualScripting.Core\Dependencies\YamlDotNet\Unity.VisualScripting.YamlDotNet.dll
Symbol file LoadedFromMemory doesn't match image C:\MyUnity-GroceryStore\功能实现\FunctionRealization\Library\PackageCache\com.unity.visualscripting@1.7.8\Editor\VisualScripting.Core\Dependencies\DotNetZip\Unity.VisualScripting.IonicZip.dll
Native extension for WindowsStandalone target not found
Refreshing native plugins compatible for Editor in 0.57 ms, found 1 plugins.
Preloading 0 native plugins for Editor in 0.00 ms.
Mono: successfully reloaded assembly
- Completed reload, in  0.807 seconds
Domain Reload Profiling:
	ReloadAssembly (807ms)
		BeginReloadAssembly (119ms)
			ExecutionOrderSort (0ms)
			DisableScriptedObjects (6ms)
			BackupInstance (0ms)
			ReleaseScriptingObjects (0ms)
			CreateAndSetChildDomain (29ms)
		EndReloadAssembly (591ms)
			LoadAssemblies (71ms)
			RebuildTransferFunctionScriptingTraits (0ms)
			SetupTypeCache (215ms)
			ReleaseScriptCaches (1ms)
			RebuildScriptCaches (40ms)
			SetupLoadedEditorAssemblies (216ms)
				LogAssemblyErrors (0ms)
				InitializePlatformSupportModulesInManaged (11ms)
				SetLoadedEditorAssemblies (0ms)
				RefreshPlugins (1ms)
				BeforeProcessingInitializeOnLoad (53ms)
				ProcessInitializeOnLoadAttributes (119ms)
				ProcessInitializeOnLoadMethodAttributes (30ms)
				AfterProcessingInitializeOnLoad (3ms)
				EditorAssembliesLoaded (0ms)
			ExecutionOrderSort2 (0ms)
			AwakeInstancesAfterBackupRestoration (12ms)
Platform modules already initialized, skipping
Refreshing native plugins compatible for Editor in 2.77 ms, found 1 plugins.
Preloading 0 native plugins for Editor in 0.00 ms.
Unloading 2921 Unused Serialized files (Serialized files now loaded: 0)
Unloading 10 unused Assets / (24.8 KB). Loaded Objects now: 3462.
Memory consumption went from 124.8 MB to 124.7 MB.
Total: 5.604200 ms (FindLiveObjects: 0.316900 ms CreateObjectMapping: 1.147700 ms MarkObjects: 4.116400 ms  DeleteObjects: 0.022100 ms)

AssetImportParameters requested are different than current active one (requested -> active):
  custom:video-decoder-ogg-theora: a1e56fd34408186e4bbccfd4996cb3dc -> 
  custom:container-muxer-webm: aa71ff27fc2769a1b78a27578f13a17b -> 
  custom:container-demuxer-webm: 4f35f7cbe854078d1ac9338744f61a02 -> 
  custom:video-encoder-webm-vp8: eb34c28f22e8b96e1ab97ce403110664 -> 
  custom:audio-encoder-webm-vorbis: bf7c407c2cedff20999df2af8eb42d56 -> 
  custom:framework-win-MediaFoundation: 216162199b28c13a410421893ffa2e32 -> 
  custom:container-demuxer-ogg: 62fdf1f143b41e24485cea50d1cbac27 -> 
  custom:video-decoder-webm-vp8: 9c59270c3fd7afecdb556c50c9e8de78 -> 
  custom:audio-decoder-ogg-vorbis: bf7c407c2cedff20999df2af8eb42d56 -> 
========================================================================
Received Import Request.
  Time since last request: 628.660474 seconds.
  path: Assets/InteliMap AI Tilemap Generator/Icons
  artifactKey: Guid(a3e7780d96d283e4bab29e0296af1df8) Importer(815301076,1909f56bfc062723c751e8b465ee728b)
Start importing Assets/InteliMap AI Tilemap Generator/Icons using Guid(a3e7780d96d283e4bab29e0296af1df8) Importer(815301076,1909f56bfc062723c751e8b465ee728b)  -> (artifact id: 'ded5baf6c029a1c0e103d72a0c73b0f4') in 0.005576 seconds 
========================================================================
Received Import Request.
  Time since last request: 0.346929 seconds.
  path: Assets/InteliMap AI Tilemap Generator/Examples
  artifactKey: Guid(0a2b07be0503f134298157f8a349d314) Importer(815301076,1909f56bfc062723c751e8b465ee728b)
Start importing Assets/InteliMap AI Tilemap Generator/Examples using Guid(0a2b07be0503f134298157f8a349d314) Importer(815301076,1909f56bfc062723c751e8b465ee728b)  -> (artifact id: '683b270df1fbace1240f2d9c659b51bd') in 0.001722 seconds 
========================================================================
Received Import Request.
  Time since last request: 0.583376 seconds.
  path: Assets/InteliMap AI Tilemap Generator/Examples/Tilemaps
  artifactKey: Guid(3b422c260013c9d4987c6924442b4c82) Importer(815301076,1909f56bfc062723c751e8b465ee728b)
Start importing Assets/InteliMap AI Tilemap Generator/Examples/Tilemaps using Guid(3b422c260013c9d4987c6924442b4c82) Importer(815301076,1909f56bfc062723c751e8b465ee728b)  -> (artifact id: '0ce03a52125c99cb39bdcfe6c4333de2') in 0.002039 seconds 
========================================================================
Received Import Request.
  Time since last request: 0.435077 seconds.
  path: Assets/InteliMap AI Tilemap Generator/Examples/Scenes
  artifactKey: Guid(6ea315d0fd7389c41b19996891e99ae3) Importer(815301076,1909f56bfc062723c751e8b465ee728b)
Start importing Assets/InteliMap AI Tilemap Generator/Examples/Scenes using Guid(6ea315d0fd7389c41b19996891e99ae3) Importer(815301076,1909f56bfc062723c751e8b465ee728b)  -> (artifact id: 'b8193726cff86800c54781cdc6d54904') in 0.002708 seconds 
========================================================================
Received Import Request.
  Time since last request: 0.723381 seconds.
  path: Assets/InteliMap AI Tilemap Generator/Examples/Scenes/Example 2.unity
  artifactKey: Guid(49e4e687e0a58794b938ba6b7577ba31) Importer(815301076,1909f56bfc062723c751e8b465ee728b)
Start importing Assets/InteliMap AI Tilemap Generator/Examples/Scenes/Example 2.unity using Guid(49e4e687e0a58794b938ba6b7577ba31) Importer(815301076,1909f56bfc062723c751e8b465ee728b)  -> (artifact id: '84813a8984ceb0e33a1252f27445271d') in 0.002529 seconds 
========================================================================
Received Import Request.
  Time since last request: 1.978230 seconds.
  path: Assets/InteliMap AI Tilemap Generator/Examples/Scenes/Example 1.unity
  artifactKey: Guid(98445aae6bdac0746aaf33840c60724b) Importer(815301076,1909f56bfc062723c751e8b465ee728b)
Start importing Assets/InteliMap AI Tilemap Generator/Examples/Scenes/Example 1.unity using Guid(98445aae6bdac0746aaf33840c60724b) Importer(815301076,1909f56bfc062723c751e8b465ee728b)  -> (artifact id: '8881868467025888e7156054175bd0ad') in 0.001502 seconds 
========================================================================
Received Import Request.
  Time since last request: 21.569039 seconds.
  path: Assets/InteliMap AI Tilemap Generator/Examples/Scenes/Example 4.unity
  artifactKey: Guid(10ef48eb995df28439c99beae9948076) Importer(815301076,1909f56bfc062723c751e8b465ee728b)
Start importing Assets/InteliMap AI Tilemap Generator/Examples/Scenes/Example 4.unity using Guid(10ef48eb995df28439c99beae9948076) Importer(815301076,1909f56bfc062723c751e8b465ee728b)  -> (artifact id: 'bb695f60d2807e516e1414bb35d8dbc1') in 0.001972 seconds 
========================================================================
Received Import Request.
  Time since last request: 0.707776 seconds.
  path: Assets/InteliMap AI Tilemap Generator/Examples/Scenes/Example 6.unity
  artifactKey: Guid(ddc2ad1e6e75b464ab4206c4a8cd296b) Importer(815301076,1909f56bfc062723c751e8b465ee728b)
Start importing Assets/InteliMap AI Tilemap Generator/Examples/Scenes/Example 6.unity using Guid(ddc2ad1e6e75b464ab4206c4a8cd296b) Importer(815301076,1909f56bfc062723c751e8b465ee728b)  -> (artifact id: 'dbd2fa362fa5198fea53935401f64828') in 0.001732 seconds 
========================================================================
Received Import Request.
  Time since last request: 4.414348 seconds.
  path: Assets/InteliMap AI Tilemap Generator/Examples/Scenes/Example 5.unity
  artifactKey: Guid(2f13143cbb8370c40a91df43944f332d) Importer(815301076,1909f56bfc062723c751e8b465ee728b)
Start importing Assets/InteliMap AI Tilemap Generator/Examples/Scenes/Example 5.unity using Guid(2f13143cbb8370c40a91df43944f332d) Importer(815301076,1909f56bfc062723c751e8b465ee728b)  -> (artifact id: 'ff844331800ccb46b224153369d43485') in 0.002224 seconds 
========================================================================
Received Import Request.
  Time since last request: 2.033139 seconds.
  path: Assets/InteliMap AI Tilemap Generator/Examples/Scenes/Example 7.unity
  artifactKey: Guid(ef2a9c06622b47b46ac100d9eb4b6e23) Importer(815301076,1909f56bfc062723c751e8b465ee728b)
Start importing Assets/InteliMap AI Tilemap Generator/Examples/Scenes/Example 7.unity using Guid(ef2a9c06622b47b46ac100d9eb4b6e23) Importer(815301076,1909f56bfc062723c751e8b465ee728b)  -> (artifact id: '8928d40405835d7f71541726a4eb78c1') in 0.002187 seconds 
========================================================================
Received Import Request.
  Time since last request: 1.161058 seconds.
  path: Assets/InteliMap AI Tilemap Generator/Examples/Scenes/Example 8.unity
  artifactKey: Guid(d349c90b9b059064da4fea091dfb3172) Importer(815301076,1909f56bfc062723c751e8b465ee728b)
Start importing Assets/InteliMap AI Tilemap Generator/Examples/Scenes/Example 8.unity using Guid(d349c90b9b059064da4fea091dfb3172) Importer(815301076,1909f56bfc062723c751e8b465ee728b)  -> (artifact id: 'ffb3c516fc6494e0f862f2bc73f31d2e') in 0.001589 seconds 
========================================================================
Received Import Request.
  Time since last request: 5.879282 seconds.
  path: Assets/InteliMap AI Tilemap Generator/Examples/Tilemaps/ex4
  artifactKey: Guid(967b4e094d976034598c7701c0db44b2) Importer(815301076,1909f56bfc062723c751e8b465ee728b)
Start importing Assets/InteliMap AI Tilemap Generator/Examples/Tilemaps/ex4 using Guid(967b4e094d976034598c7701c0db44b2) Importer(815301076,1909f56bfc062723c751e8b465ee728b)  -> (artifact id: 'fc9518f1eee5615d8f6849e451673553') in 0.001568 seconds 
========================================================================
Received Import Request.
  Time since last request: 1.573608 seconds.
  path: Assets/InteliMap AI Tilemap Generator/Examples/Tilemaps/ex4/sci-fi-tileset_31.asset
  artifactKey: Guid(43685523f3f6c25439ab6fd8ca995f10) Importer(815301076,1909f56bfc062723c751e8b465ee728b)
Start importing Assets/InteliMap AI Tilemap Generator/Examples/Tilemaps/ex4/sci-fi-tileset_31.asset using Guid(43685523f3f6c25439ab6fd8ca995f10) Importer(815301076,1909f56bfc062723c751e8b465ee728b)  -> (artifact id: '10e7df34c85d6088af6e9b5b5001c9a6') in 0.043326 seconds 
========================================================================
Received Import Request.
  Time since last request: 3.076153 seconds.
  path: Assets/InteliMap AI Tilemap Generator/Examples/Tilemaps/ex1/Example 1 sprite map_21.asset
  artifactKey: Guid(c30dfd98b96bca848944863aac7e7e47) Importer(815301076,1909f56bfc062723c751e8b465ee728b)
Start importing Assets/InteliMap AI Tilemap Generator/Examples/Tilemaps/ex1/Example 1 sprite map_21.asset using Guid(c30dfd98b96bca848944863aac7e7e47) Importer(815301076,1909f56bfc062723c751e8b465ee728b)  -> (artifact id: 'ce715ab8d848dcaf0d557b8bf57c3e90') in 0.005839 seconds 
========================================================================
Received Import Request.
  Time since last request: 0.562329 seconds.
  path: Assets/InteliMap AI Tilemap Generator/Examples/Tilemaps/ex1/Example 1 sprite map_24.asset
  artifactKey: Guid(841524ecd3b2c284ba947294019d7825) Importer(815301076,1909f56bfc062723c751e8b465ee728b)
Start importing Assets/InteliMap AI Tilemap Generator/Examples/Tilemaps/ex1/Example 1 sprite map_24.asset using Guid(841524ecd3b2c284ba947294019d7825) Importer(815301076,1909f56bfc062723c751e8b465ee728b)  -> (artifact id: 'bff3d91930380a4634737a274dbb5f06') in 0.008122 seconds 
========================================================================
Received Import Request.
  Time since last request: 4.993565 seconds.
  path: Assets/InteliMap AI Tilemap Generator/Examples/Scripts/Example4Movement.cs
  artifactKey: Guid(c939041f3f90c1648a5f53f066b7a2e1) Importer(815301076,1909f56bfc062723c751e8b465ee728b)
Start importing Assets/InteliMap AI Tilemap Generator/Examples/Scripts/Example4Movement.cs using Guid(c939041f3f90c1648a5f53f066b7a2e1) Importer(815301076,1909f56bfc062723c751e8b465ee728b)  -> (artifact id: '503f7cf2431f740555fa732fb12ec6fb') in 0.005859 seconds 
========================================================================
Received Import Request.
  Time since last request: 0.401248 seconds.
  path: Assets/InteliMap AI Tilemap Generator/Examples/Scripts/Example2Movement.cs
  artifactKey: Guid(2a4df09bda2bd2a4694906b3a1b381cd) Importer(815301076,1909f56bfc062723c751e8b465ee728b)
Start importing Assets/InteliMap AI Tilemap Generator/Examples/Scripts/Example2Movement.cs using Guid(2a4df09bda2bd2a4694906b3a1b381cd) Importer(815301076,1909f56bfc062723c751e8b465ee728b)  -> (artifact id: '060e6266fc457f5db44f527a1f4c1ebd') in 0.002453 seconds 
========================================================================
Received Prepare
Registering precompiled user dll's ...
Registered in 0.003790 seconds.
Begin MonoManager ReloadAssembly
Symbol file LoadedFromMemory doesn't match image C:\MyUnity-GroceryStore\功能实现\FunctionRealization\Library\PackageCache\com.unity.visualscripting@1.7.8\Editor\VisualScripting.Core\Dependencies\YamlDotNet\Unity.VisualScripting.YamlDotNet.dll
Symbol file LoadedFromMemory doesn't match image C:\MyUnity-GroceryStore\功能实现\FunctionRealization\Library\PackageCache\com.unity.visualscripting@1.7.8\Editor\VisualScripting.Core\Dependencies\DotNetZip\Unity.VisualScripting.IonicZip.dll
Native extension for WindowsStandalone target not found
Refreshing native plugins compatible for Editor in 0.62 ms, found 1 plugins.
Preloading 0 native plugins for Editor in 0.00 ms.
Mono: successfully reloaded assembly
- Completed reload, in  0.770 seconds
Domain Reload Profiling:
	ReloadAssembly (771ms)
		BeginReloadAssembly (112ms)
			ExecutionOrderSort (0ms)
			DisableScriptedObjects (6ms)
			BackupInstance (0ms)
			ReleaseScriptingObjects (0ms)
			CreateAndSetChildDomain (27ms)
		EndReloadAssembly (572ms)
			LoadAssemblies (65ms)
			RebuildTransferFunctionScriptingTraits (0ms)
			SetupTypeCache (203ms)
			ReleaseScriptCaches (1ms)
			RebuildScriptCaches (39ms)
			SetupLoadedEditorAssemblies (214ms)
				LogAssemblyErrors (0ms)
				InitializePlatformSupportModulesInManaged (11ms)
				SetLoadedEditorAssemblies (0ms)
				RefreshPlugins (1ms)
				BeforeProcessingInitializeOnLoad (55ms)
				ProcessInitializeOnLoadAttributes (117ms)
				ProcessInitializeOnLoadMethodAttributes (26ms)
				AfterProcessingInitializeOnLoad (3ms)
				EditorAssembliesLoaded (0ms)
			ExecutionOrderSort2 (0ms)
			AwakeInstancesAfterBackupRestoration (10ms)
Platform modules already initialized, skipping
Refreshing native plugins compatible for Editor in 1.09 ms, found 1 plugins.
Preloading 0 native plugins for Editor in 0.00 ms.
Unloading 2921 Unused Serialized files (Serialized files now loaded: 0)
Unloading 10 unused Assets / (24.8 KB). Loaded Objects now: 3467.
Memory consumption went from 124.8 MB to 124.8 MB.
Total: 7.611900 ms (FindLiveObjects: 0.489100 ms CreateObjectMapping: 0.314900 ms MarkObjects: 6.779800 ms  DeleteObjects: 0.026900 ms)

AssetImportParameters requested are different than current active one (requested -> active):
  custom:video-decoder-ogg-theora: a1e56fd34408186e4bbccfd4996cb3dc -> 
  custom:container-muxer-webm: aa71ff27fc2769a1b78a27578f13a17b -> 
  custom:container-demuxer-webm: 4f35f7cbe854078d1ac9338744f61a02 -> 
  custom:video-encoder-webm-vp8: eb34c28f22e8b96e1ab97ce403110664 -> 
  custom:audio-encoder-webm-vorbis: bf7c407c2cedff20999df2af8eb42d56 -> 
  custom:framework-win-MediaFoundation: 216162199b28c13a410421893ffa2e32 -> 
  custom:container-demuxer-ogg: 62fdf1f143b41e24485cea50d1cbac27 -> 
  custom:video-decoder-webm-vp8: 9c59270c3fd7afecdb556c50c9e8de78 -> 
  custom:audio-decoder-ogg-vorbis: bf7c407c2cedff20999df2af8eb42d56 -> 
========================================================================
Received Import Request.
  Time since last request: 59.908600 seconds.
  path: Assets/InteliMap AI Tilemap Generator/Scripts/Runtime/InteliMapBuilder.cs
  artifactKey: Guid(f9fa82a03cc23c14daa4742dd7dd21e1) Importer(815301076,1909f56bfc062723c751e8b465ee728b)
Start importing Assets/InteliMap AI Tilemap Generator/Scripts/Runtime/InteliMapBuilder.cs using Guid(f9fa82a03cc23c14daa4742dd7dd21e1) Importer(815301076,1909f56bfc062723c751e8b465ee728b)  -> (artifact id: '4fa5ffb99f1f9304422ff2926a59f170') in 0.006175 seconds 
========================================================================
Received Import Request.
  Time since last request: 0.492597 seconds.
  path: Assets/InteliMap AI Tilemap Generator/Scripts/Runtime/InteliMapGenerator.cs
  artifactKey: Guid(52d2d213b6de77d42a5cc17e9ce71db3) Importer(815301076,1909f56bfc062723c751e8b465ee728b)
Start importing Assets/InteliMap AI Tilemap Generator/Scripts/Runtime/InteliMapGenerator.cs using Guid(52d2d213b6de77d42a5cc17e9ce71db3) Importer(815301076,1909f56bfc062723c751e8b465ee728b)  -> (artifact id: '03bdbae211fad650ffc693104a887468') in 0.001676 seconds 
========================================================================
Received Import Request.
  Time since last request: 0.640720 seconds.
  path: Assets/InteliMap AI Tilemap Generator/Scripts/Runtime/LayeredTile.cs
  artifactKey: Guid(6844410fd68a9b948900be2d7125cc6c) Importer(815301076,1909f56bfc062723c751e8b465ee728b)
Start importing Assets/InteliMap AI Tilemap Generator/Scripts/Runtime/LayeredTile.cs using Guid(6844410fd68a9b948900be2d7125cc6c) Importer(815301076,1909f56bfc062723c751e8b465ee728b)  -> (artifact id: 'a2563ea5158634138a58326b153eddc1') in 0.001760 seconds 
========================================================================
Received Import Request.
  Time since last request: 0.337443 seconds.
  path: Assets/InteliMap AI Tilemap Generator/Scripts/Runtime/PriorityQueue.cs
  artifactKey: Guid(012ac810d1b3a694ba75d8069bfab23b) Importer(815301076,1909f56bfc062723c751e8b465ee728b)
Start importing Assets/InteliMap AI Tilemap Generator/Scripts/Runtime/PriorityQueue.cs using Guid(012ac810d1b3a694ba75d8069bfab23b) Importer(815301076,1909f56bfc062723c751e8b465ee728b)  -> (artifact id: 'dacaf8b067ca059d2468dab5977e3851') in 0.002307 seconds 
========================================================================
Received Import Request.
  Time since last request: 0.337070 seconds.
  path: Assets/InteliMap AI Tilemap Generator/Scripts/Runtime/SparseSet.cs
  artifactKey: Guid(236608f1b9d32d44c87006ef570b7cd4) Importer(815301076,1909f56bfc062723c751e8b465ee728b)
Start importing Assets/InteliMap AI Tilemap Generator/Scripts/Runtime/SparseSet.cs using Guid(236608f1b9d32d44c87006ef570b7cd4) Importer(815301076,1909f56bfc062723c751e8b465ee728b)  -> (artifact id: '70eb663c0589432cc9028ba5e44a0e8c') in 0.001966 seconds 
========================================================================
Received Import Request.
  Time since last request: 0.257282 seconds.
  path: Assets/InteliMap AI Tilemap Generator/Scripts/Runtime/TileSelectionDrawer.cs
  artifactKey: Guid(7e0e32b43d763f743bce5534c87a3885) Importer(815301076,1909f56bfc062723c751e8b465ee728b)
Start importing Assets/InteliMap AI Tilemap Generator/Scripts/Runtime/TileSelectionDrawer.cs using Guid(7e0e32b43d763f743bce5534c87a3885) Importer(815301076,1909f56bfc062723c751e8b465ee728b)  -> (artifact id: 'ebd0cf5e898a696333bf037aaa7505d4') in 0.001734 seconds 
========================================================================
Received Import Request.
  Time since last request: 0.574987 seconds.
  path: Assets/InteliMap AI Tilemap Generator/Scripts/Runtime/GeneratorMap.cs
  artifactKey: Guid(2d9a610369f60ea45a3fba2337945492) Importer(815301076,1909f56bfc062723c751e8b465ee728b)
Start importing Assets/InteliMap AI Tilemap Generator/Scripts/Runtime/GeneratorMap.cs using Guid(2d9a610369f60ea45a3fba2337945492) Importer(815301076,1909f56bfc062723c751e8b465ee728b)  -> (artifact id: 'd4f89da4ffbbe3b73c9859b60a544274') in 0.001901 seconds 
========================================================================
Received Import Request.
  Time since last request: 0.357218 seconds.
  path: Assets/InteliMap AI Tilemap Generator/Scripts/Runtime/GeneratorWeights.cs
  artifactKey: Guid(b142c775f7274094fa6471e05752bde2) Importer(815301076,1909f56bfc062723c751e8b465ee728b)
Start importing Assets/InteliMap AI Tilemap Generator/Scripts/Runtime/GeneratorWeights.cs using Guid(b142c775f7274094fa6471e05752bde2) Importer(815301076,1909f56bfc062723c751e8b465ee728b)  -> (artifact id: '5d31c8ab7caf2d86b59065b0dbd7e7db') in 0.001982 seconds 
========================================================================
Received Import Request.
  Time since last request: 0.647040 seconds.
  path: Assets/InteliMap AI Tilemap Generator/Scripts/Runtime/GeneratorEngine.cs
  artifactKey: Guid(51c9c21678be2d740bb426bca8f22d2d) Importer(815301076,1909f56bfc062723c751e8b465ee728b)
Start importing Assets/InteliMap AI Tilemap Generator/Scripts/Runtime/GeneratorEngine.cs using Guid(51c9c21678be2d740bb426bca8f22d2d) Importer(815301076,1909f56bfc062723c751e8b465ee728b)  -> (artifact id: 'fc37f0fc30b2010e8ddbf0d28febea51') in 0.002110 seconds 
========================================================================
Received Import Request.
  Time since last request: 20.307119 seconds.
  path: Assets/InteliMap AI Tilemap Generator/Examples/Tilemaps/ex2
  artifactKey: Guid(2489ba6365c679545bc66db40c8c0571) Importer(815301076,1909f56bfc062723c751e8b465ee728b)
Start importing Assets/InteliMap AI Tilemap Generator/Examples/Tilemaps/ex2 using Guid(2489ba6365c679545bc66db40c8c0571) Importer(815301076,1909f56bfc062723c751e8b465ee728b)  -> (artifact id: '3e0b3963e092dce9464c94be3abb69ed') in 0.002083 seconds 
========================================================================
Received Import Request.
  Time since last request: 1.175455 seconds.
  path: Assets/InteliMap AI Tilemap Generator/Examples/Tilemaps/ex2/ForgottenDungeon.png
  artifactKey: Guid(b23b34c835db72d4e940194fbc4f4e6b) Importer(815301076,1909f56bfc062723c751e8b465ee728b)
Start importing Assets/InteliMap AI Tilemap Generator/Examples/Tilemaps/ex2/ForgottenDungeon.png using Guid(b23b34c835db72d4e940194fbc4f4e6b) Importer(815301076,1909f56bfc062723c751e8b465ee728b)  -> (artifact id: '1e43731c98126330e2a9c4a94b51b50b') in 0.119709 seconds 
========================================================================
Received Import Request.
  Time since last request: 0.377147 seconds.
  path: Assets/InteliMap AI Tilemap Generator/Examples/Tilemaps/ex2/ex2 - Forgotten Dungeon - Blackwolfdave.prefab
  artifactKey: Guid(eef90203858027149a5419bb4ec28fbc) Importer(815301076,1909f56bfc062723c751e8b465ee728b)
Start importing Assets/InteliMap AI Tilemap Generator/Examples/Tilemaps/ex2/ex2 - Forgotten Dungeon - Blackwolfdave.prefab using Guid(eef90203858027149a5419bb4ec28fbc) Importer(815301076,1909f56bfc062723c751e8b465ee728b)  -> (artifact id: 'dd05147cc633ce39211bf7c7689d1bd2') in 0.051635 seconds 
========================================================================
Received Import Request.
  Time since last request: 5.559524 seconds.
  path: Assets/InteliMap AI Tilemap Generator/Examples/Tilemaps/ex1/Example 1 sprite map.png
  artifactKey: Guid(717c19b9dee6d544b8a375ed76ca6264) Importer(815301076,1909f56bfc062723c751e8b465ee728b)
Start importing Assets/InteliMap AI Tilemap Generator/Examples/Tilemaps/ex1/Example 1 sprite map.png using Guid(717c19b9dee6d544b8a375ed76ca6264) Importer(815301076,1909f56bfc062723c751e8b465ee728b)  -> (artifact id: '5eb93fa3c332a63df9c0eb87aef50d42') in 0.086415 seconds 
========================================================================
Received Import Request.
  Time since last request: 0.477790 seconds.
  path: Assets/InteliMap AI Tilemap Generator/Examples/Tilemaps/ex1/ex1 - 16x16 Simple tilemap - Tigpan.prefab
  artifactKey: Guid(79be01b3c0dc35d488dbc24eef185aad) Importer(815301076,1909f56bfc062723c751e8b465ee728b)
Start importing Assets/InteliMap AI Tilemap Generator/Examples/Tilemaps/ex1/ex1 - 16x16 Simple tilemap - Tigpan.prefab using Guid(79be01b3c0dc35d488dbc24eef185aad) Importer(815301076,1909f56bfc062723c751e8b465ee728b)  -> (artifact id: 'b2a27b659c55565d520e1b4ac4475f1c') in 0.021338 seconds 
========================================================================
Received Import Request.
  Time since last request: 18.667394 seconds.
  path: Assets/InteliMap AI Tilemap Generator/Examples/Scripts/Example5Generation.cs
  artifactKey: Guid(7289dd6358a179e489b6a70d1b1abaac) Importer(815301076,1909f56bfc062723c751e8b465ee728b)
Start importing Assets/InteliMap AI Tilemap Generator/Examples/Scripts/Example5Generation.cs using Guid(7289dd6358a179e489b6a70d1b1abaac) Importer(815301076,1909f56bfc062723c751e8b465ee728b)  -> (artifact id: 'b896b4a1f753a2412994a6b467f5f779') in 0.001783 seconds 
========================================================================
Received Import Request.
  Time since last request: 26.610149 seconds.
  path: Assets/InteliMap AI Tilemap Generator/Examples/Tilemaps/ex3/overworld_tileset_grass.png
  artifactKey: Guid(fb91dbede9f6f0d438d87e229fbc1a09) Importer(815301076,1909f56bfc062723c751e8b465ee728b)
Start importing Assets/InteliMap AI Tilemap Generator/Examples/Tilemaps/ex3/overworld_tileset_grass.png using Guid(fb91dbede9f6f0d438d87e229fbc1a09) Importer(815301076,1909f56bfc062723c751e8b465ee728b)  -> (artifact id: 'e9f5a117bef0a34bad947698ac2b21be') in 0.210389 seconds 
========================================================================
Received Import Request.
  Time since last request: 0.392183 seconds.
  path: Assets/InteliMap AI Tilemap Generator/Examples/Tilemaps/ex3/ex3 - OverWorld - Beast.prefab
  artifactKey: Guid(df2c7c0448d8b9b43a735e8e46b178d6) Importer(815301076,1909f56bfc062723c751e8b465ee728b)
Start importing Assets/InteliMap AI Tilemap Generator/Examples/Tilemaps/ex3/ex3 - OverWorld - Beast.prefab using Guid(df2c7c0448d8b9b43a735e8e46b178d6) Importer(815301076,1909f56bfc062723c751e8b465ee728b)  -> (artifact id: 'cca9ed039836b79b491b4e4330a48a50') in 0.073132 seconds 
========================================================================
Received Import Request.
  Time since last request: 1.514741 seconds.
  path: Assets/InteliMap AI Tilemap Generator/Examples/Tilemaps/ex3/overworld_tileset_grass_0.asset
  artifactKey: Guid(37817e16b08ca6c48aa2930bb06b05f8) Importer(815301076,1909f56bfc062723c751e8b465ee728b)
Start importing Assets/InteliMap AI Tilemap Generator/Examples/Tilemaps/ex3/overworld_tileset_grass_0.asset using Guid(37817e16b08ca6c48aa2930bb06b05f8) Importer(815301076,1909f56bfc062723c751e8b465ee728b)  -> (artifact id: 'aad4f2d2c52cb71d857bb3342ffe4e50') in 0.014048 seconds 
========================================================================
Received Import Request.
  Time since last request: 15.587751 seconds.
  path: Assets/InteliMap AI Tilemap Generator/Examples/Tilemaps/ex1/Example 1 sprite map_1.asset
  artifactKey: Guid(9c890245084f7494091406c2dbe2a866) Importer(815301076,1909f56bfc062723c751e8b465ee728b)
Start importing Assets/InteliMap AI Tilemap Generator/Examples/Tilemaps/ex1/Example 1 sprite map_1.asset using Guid(9c890245084f7494091406c2dbe2a866) Importer(815301076,1909f56bfc062723c751e8b465ee728b)  -> (artifact id: 'eeb0988bc64b3f247d366038b6f40c3a') in 0.006340 seconds 
========================================================================
Received Import Request.
  Time since last request: 0.483070 seconds.
  path: Assets/InteliMap AI Tilemap Generator/Examples/Tilemaps/ex1/Example 1 sprite map_7.asset
  artifactKey: Guid(cf1db4c81af1dec42a341ddb2a47a810) Importer(815301076,1909f56bfc062723c751e8b465ee728b)
Start importing Assets/InteliMap AI Tilemap Generator/Examples/Tilemaps/ex1/Example 1 sprite map_7.asset using Guid(cf1db4c81af1dec42a341ddb2a47a810) Importer(815301076,1909f56bfc062723c751e8b465ee728b)  -> (artifact id: 'a62188efc1b15739bb5c117f93a26b7c') in 0.010190 seconds 
========================================================================
Received Import Request.
  Time since last request: 0.387090 seconds.
  path: Assets/InteliMap AI Tilemap Generator/Examples/Tilemaps/ex1/Example 1 sprite map_9.asset
  artifactKey: Guid(422b8250cf3086e4ba39c383235a802e) Importer(815301076,1909f56bfc062723c751e8b465ee728b)
Start importing Assets/InteliMap AI Tilemap Generator/Examples/Tilemaps/ex1/Example 1 sprite map_9.asset using Guid(422b8250cf3086e4ba39c383235a802e) Importer(815301076,1909f56bfc062723c751e8b465ee728b)  -> (artifact id: 'b1090403380a15b2487176273d28821c') in 0.005890 seconds 
========================================================================
Received Import Request.
  Time since last request: 0.594027 seconds.
  path: Assets/InteliMap AI Tilemap Generator/Examples/Tilemaps/ex1/Example 1 sprite map_13.asset
  artifactKey: Guid(7b6bdc7c60e5f1b40a3a9175a7781ec3) Importer(815301076,1909f56bfc062723c751e8b465ee728b)
Start importing Assets/InteliMap AI Tilemap Generator/Examples/Tilemaps/ex1/Example 1 sprite map_13.asset using Guid(7b6bdc7c60e5f1b40a3a9175a7781ec3) Importer(815301076,1909f56bfc062723c751e8b465ee728b)  -> (artifact id: '5ec4a502127a4be7ca39f7f896224d34') in 0.004662 seconds 
========================================================================
Received Import Request.
  Time since last request: 1.326099 seconds.
  path: Assets/InteliMap AI Tilemap Generator/Examples/Tilemaps/ex1/Example 1 sprite map_34.asset
  artifactKey: Guid(753872d94ae64fc40a8656ae2c6485b2) Importer(815301076,1909f56bfc062723c751e8b465ee728b)
Start importing Assets/InteliMap AI Tilemap Generator/Examples/Tilemaps/ex1/Example 1 sprite map_34.asset using Guid(753872d94ae64fc40a8656ae2c6485b2) Importer(815301076,1909f56bfc062723c751e8b465ee728b)  -> (artifact id: '20f92923489a9b204304badbc8fdb1c1') in 0.004233 seconds 
========================================================================
Received Prepare
Registering precompiled user dll's ...
Registered in 0.002706 seconds.
Begin MonoManager ReloadAssembly
Symbol file LoadedFromMemory doesn't match image C:\MyUnity-GroceryStore\功能实现\FunctionRealization\Library\PackageCache\com.unity.visualscripting@1.7.8\Editor\VisualScripting.Core\Dependencies\YamlDotNet\Unity.VisualScripting.YamlDotNet.dll
Symbol file LoadedFromMemory doesn't match image C:\MyUnity-GroceryStore\功能实现\FunctionRealization\Library\PackageCache\com.unity.visualscripting@1.7.8\Editor\VisualScripting.Core\Dependencies\DotNetZip\Unity.VisualScripting.IonicZip.dll
Native extension for WindowsStandalone target not found
Refreshing native plugins compatible for Editor in 0.56 ms, found 1 plugins.
Preloading 0 native plugins for Editor in 0.00 ms.
Mono: successfully reloaded assembly
- Completed reload, in  1.190 seconds
Domain Reload Profiling:
	ReloadAssembly (1190ms)
		BeginReloadAssembly (119ms)
			ExecutionOrderSort (0ms)
			DisableScriptedObjects (6ms)
			BackupInstance (0ms)
			ReleaseScriptingObjects (0ms)
			CreateAndSetChildDomain (29ms)
		EndReloadAssembly (982ms)
			LoadAssemblies (69ms)
			RebuildTransferFunctionScriptingTraits (0ms)
			SetupTypeCache (237ms)
			ReleaseScriptCaches (1ms)
			RebuildScriptCaches (54ms)
			SetupLoadedEditorAssemblies (544ms)
				LogAssemblyErrors (0ms)
				InitializePlatformSupportModulesInManaged (17ms)
				SetLoadedEditorAssemblies (1ms)
				RefreshPlugins (1ms)
				BeforeProcessingInitializeOnLoad (89ms)
				ProcessInitializeOnLoadAttributes (389ms)
				ProcessInitializeOnLoadMethodAttributes (44ms)
				AfterProcessingInitializeOnLoad (3ms)
				EditorAssembliesLoaded (0ms)
			ExecutionOrderSort2 (0ms)
			AwakeInstancesAfterBackupRestoration (15ms)
Platform modules already initialized, skipping
Refreshing native plugins compatible for Editor in 1.34 ms, found 1 plugins.
Preloading 0 native plugins for Editor in 0.00 ms.
Unloading 2898 Unused Serialized files (Serialized files now loaded: 0)
Unloading 27 unused Assets / (24.8 KB). Loaded Objects now: 3457.
Memory consumption went from 124.5 MB to 124.5 MB.
Total: 2.170300 ms (FindLiveObjects: 0.216600 ms CreateObjectMapping: 0.118700 ms MarkObjects: 1.799100 ms  DeleteObjects: 0.035000 ms)

AssetImportParameters requested are different than current active one (requested -> active):
  custom:video-decoder-ogg-theora: a1e56fd34408186e4bbccfd4996cb3dc -> 
  custom:container-muxer-webm: aa71ff27fc2769a1b78a27578f13a17b -> 
  custom:container-demuxer-webm: 4f35f7cbe854078d1ac9338744f61a02 -> 
  custom:video-encoder-webm-vp8: eb34c28f22e8b96e1ab97ce403110664 -> 
  custom:audio-encoder-webm-vorbis: bf7c407c2cedff20999df2af8eb42d56 -> 
  custom:framework-win-MediaFoundation: 216162199b28c13a410421893ffa2e32 -> 
  custom:container-demuxer-ogg: 62fdf1f143b41e24485cea50d1cbac27 -> 
  custom:video-decoder-webm-vp8: 9c59270c3fd7afecdb556c50c9e8de78 -> 
  custom:audio-decoder-ogg-vorbis: bf7c407c2cedff20999df2af8eb42d56 -> 
========================================================================
Received Prepare
Registering precompiled user dll's ...
Registered in 0.003436 seconds.
Begin MonoManager ReloadAssembly
Symbol file LoadedFromMemory doesn't match image C:\MyUnity-GroceryStore\功能实现\FunctionRealization\Library\PackageCache\com.unity.visualscripting@1.7.8\Editor\VisualScripting.Core\Dependencies\YamlDotNet\Unity.VisualScripting.YamlDotNet.dll
Symbol file LoadedFromMemory doesn't match image C:\MyUnity-GroceryStore\功能实现\FunctionRealization\Library\PackageCache\com.unity.visualscripting@1.7.8\Editor\VisualScripting.Core\Dependencies\DotNetZip\Unity.VisualScripting.IonicZip.dll
Native extension for WindowsStandalone target not found
Refreshing native plugins compatible for Editor in 0.48 ms, found 1 plugins.
Preloading 0 native plugins for Editor in 0.00 ms.
Mono: successfully reloaded assembly
- Completed reload, in  0.770 seconds
Domain Reload Profiling:
	ReloadAssembly (771ms)
		BeginReloadAssembly (116ms)
			ExecutionOrderSort (0ms)
			DisableScriptedObjects (7ms)
			BackupInstance (0ms)
			ReleaseScriptingObjects (0ms)
			CreateAndSetChildDomain (25ms)
		EndReloadAssembly (565ms)
			LoadAssemblies (64ms)
			RebuildTransferFunctionScriptingTraits (0ms)
			SetupTypeCache (205ms)
			ReleaseScriptCaches (1ms)
			RebuildScriptCaches (38ms)
			SetupLoadedEditorAssemblies (211ms)
				LogAssemblyErrors (0ms)
				InitializePlatformSupportModulesInManaged (11ms)
				SetLoadedEditorAssemblies (0ms)
				RefreshPlugins (1ms)
				BeforeProcessingInitializeOnLoad (56ms)
				ProcessInitializeOnLoadAttributes (113ms)
				ProcessInitializeOnLoadMethodAttributes (27ms)
				AfterProcessingInitializeOnLoad (3ms)
				EditorAssembliesLoaded (0ms)
			ExecutionOrderSort2 (0ms)
			AwakeInstancesAfterBackupRestoration (10ms)
Platform modules already initialized, skipping
Refreshing native plugins compatible for Editor in 1.06 ms, found 1 plugins.
Preloading 0 native plugins for Editor in 0.00 ms.
Unloading 2921 Unused Serialized files (Serialized files now loaded: 0)
Unloading 10 unused Assets / (25.0 KB). Loaded Objects now: 3477.
Memory consumption went from 125.0 MB to 125.0 MB.
Total: 2.219100 ms (FindLiveObjects: 0.266400 ms CreateObjectMapping: 0.174900 ms MarkObjects: 1.759600 ms  DeleteObjects: 0.017500 ms)

AssetImportParameters requested are different than current active one (requested -> active):
  custom:video-decoder-ogg-theora: a1e56fd34408186e4bbccfd4996cb3dc -> 
  custom:container-muxer-webm: aa71ff27fc2769a1b78a27578f13a17b -> 
  custom:container-demuxer-webm: 4f35f7cbe854078d1ac9338744f61a02 -> 
  custom:video-encoder-webm-vp8: eb34c28f22e8b96e1ab97ce403110664 -> 
  custom:audio-encoder-webm-vorbis: bf7c407c2cedff20999df2af8eb42d56 -> 
  custom:framework-win-MediaFoundation: 216162199b28c13a410421893ffa2e32 -> 
  custom:container-demuxer-ogg: 62fdf1f143b41e24485cea50d1cbac27 -> 
  custom:video-decoder-webm-vp8: 9c59270c3fd7afecdb556c50c9e8de78 -> 
  custom:audio-decoder-ogg-vorbis: bf7c407c2cedff20999df2af8eb42d56 -> 
========================================================================
Received Import Request.
  Time since last request: 122.288781 seconds.
  path: Assets/InteliMap AI Tilemap Generator/Examples/Scenes/Example 3.unity
  artifactKey: Guid(54b30f546cf04ff43a976c47a5360d5b) Importer(815301076,1909f56bfc062723c751e8b465ee728b)
Start importing Assets/InteliMap AI Tilemap Generator/Examples/Scenes/Example 3.unity using Guid(54b30f546cf04ff43a976c47a5360d5b) Importer(815301076,1909f56bfc062723c751e8b465ee728b)  -> (artifact id: '2b21a59cae500b6f618801d45752971a') in 0.005993 seconds 
========================================================================
Received Import Request.
  Time since last request: 17.006816 seconds.
  path: Assets/InteliMap AI Tilemap Generator/DOCUMENTATION.rtf
  artifactKey: Guid(66a429646f7494f4ebeea17cf7b285f9) Importer(815301076,1909f56bfc062723c751e8b465ee728b)
Start importing Assets/InteliMap AI Tilemap Generator/DOCUMENTATION.rtf using Guid(66a429646f7494f4ebeea17cf7b285f9) Importer(815301076,1909f56bfc062723c751e8b465ee728b)  -> (artifact id: 'd9923c9402a84ab3fcaacb6a2368ec47') in 0.018663 seconds 
========================================================================
Received Import Request.
  Time since last request: 447.889956 seconds.
  path: Assets/Function/SLG大地图
  artifactKey: Guid(b0cf0c20e98621548b599741202d94f8) Importer(815301076,1909f56bfc062723c751e8b465ee728b)
Start importing Assets/Function/SLG大地图 using Guid(b0cf0c20e98621548b599741202d94f8) Importer(815301076,1909f56bfc062723c751e8b465ee728b)  -> (artifact id: '8590846cd24d8b884ce86663b68e3e3b') in 0.002508 seconds 
========================================================================
Received Import Request.
  Time since last request: 1.897027 seconds.
  path: Assets/Function/SLG大地图/Scenes
  artifactKey: Guid(62a1ae56321185f4ea0db7bfcd936384) Importer(815301076,1909f56bfc062723c751e8b465ee728b)
Start importing Assets/Function/SLG大地图/Scenes using Guid(62a1ae56321185f4ea0db7bfcd936384) Importer(815301076,1909f56bfc062723c751e8b465ee728b)  -> (artifact id: 'c823ec89478d4b0402c88a371c1e94d2') in 0.001507 seconds 
========================================================================
Received Import Request.
  Time since last request: 64.245167 seconds.
  path: Assets/Function/SLG大地图/Scenes/WorldMap.unity
  artifactKey: Guid(6a92ca39abefc7c4f86af41dc8ab1ec0) Importer(815301076,1909f56bfc062723c751e8b465ee728b)
Start importing Assets/Function/SLG大地图/Scenes/WorldMap.unity using Guid(6a92ca39abefc7c4f86af41dc8ab1ec0) Importer(815301076,1909f56bfc062723c751e8b465ee728b)  -> (artifact id: '24cb4548bf10af7f828d5237fb2275c3') in 0.002449 seconds 
========================================================================
Received Import Request.
  Time since last request: 55.908246 seconds.
  path: Assets/InteliMap AI Tilemap Generator/Examples/Tilemaps/ex1/Example 1 sprite map_0.asset
  artifactKey: Guid(430b9d770faebd74fbc6da81c89e89e8) Importer(815301076,1909f56bfc062723c751e8b465ee728b)
Start importing Assets/InteliMap AI Tilemap Generator/Examples/Tilemaps/ex1/Example 1 sprite map_0.asset using Guid(430b9d770faebd74fbc6da81c89e89e8) Importer(815301076,1909f56bfc062723c751e8b465ee728b)  -> (artifact id: '6fe5f8a0eddf833e7317ea4de5e70a85') in 0.034130 seconds 
========================================================================
Received Import Request.
  Time since last request: 3.105865 seconds.
  path: Assets/InteliMap AI Tilemap Generator/Examples/Tilemaps/ex1/Example 1 sprite map_2.asset
  artifactKey: Guid(0086358d02ebebb419b70fba0bc6007b) Importer(815301076,1909f56bfc062723c751e8b465ee728b)
Start importing Assets/InteliMap AI Tilemap Generator/Examples/Tilemaps/ex1/Example 1 sprite map_2.asset using Guid(0086358d02ebebb419b70fba0bc6007b) Importer(815301076,1909f56bfc062723c751e8b465ee728b)  -> (artifact id: 'cd82fb8561c27da9d41ac20d227dbcac') in 0.005519 seconds 
========================================================================
Received Import Request.
  Time since last request: 126.871100 seconds.
  path: Assets/Function/SLG大地图/Scenes/WorldMap.prefab
  artifactKey: Guid(485aed0b845ed734a9229ae01e8a5c53) Importer(815301076,1909f56bfc062723c751e8b465ee728b)
Start importing Assets/Function/SLG大地图/Scenes/WorldMap.prefab using Guid(485aed0b845ed734a9229ae01e8a5c53) Importer(815301076,1909f56bfc062723c751e8b465ee728b)  -> (artifact id: 'bde7a3d941e1de490e5f3b59477f48f4') in 0.042532 seconds 
========================================================================
Received Import Request.
  Time since last request: 4.745428 seconds.
  path: Assets/Function/SLG大地图/Scenes/WorldMap.unity
  artifactKey: Guid(6a92ca39abefc7c4f86af41dc8ab1ec0) Importer(815301076,1909f56bfc062723c751e8b465ee728b)
Start importing Assets/Function/SLG大地图/Scenes/WorldMap.unity using Guid(6a92ca39abefc7c4f86af41dc8ab1ec0) Importer(815301076,1909f56bfc062723c751e8b465ee728b)  -> (artifact id: 'c6635011a7371f2e7f48e89edf6bc6e7') in 0.001572 seconds 
========================================================================
Received Import Request.
  Time since last request: 121.563611 seconds.
  path: Assets/Function/SLG大地图/Scenes/WorldMap.prefab
  artifactKey: Guid(485aed0b845ed734a9229ae01e8a5c53) Importer(815301076,1909f56bfc062723c751e8b465ee728b)
Start importing Assets/Function/SLG大地图/Scenes/WorldMap.prefab using Guid(485aed0b845ed734a9229ae01e8a5c53) Importer(815301076,1909f56bfc062723c751e8b465ee728b)  -> (artifact id: 'e7202c744b0f29132be1fca82bf86480') in 0.025847 seconds 
========================================================================
Received Prepare
Registering precompiled user dll's ...
Registered in 0.003533 seconds.
Begin MonoManager ReloadAssembly
Symbol file LoadedFromMemory doesn't match image C:\MyUnity-GroceryStore\功能实现\FunctionRealization\Library\PackageCache\com.unity.visualscripting@1.7.8\Editor\VisualScripting.Core\Dependencies\YamlDotNet\Unity.VisualScripting.YamlDotNet.dll
Symbol file LoadedFromMemory doesn't match image C:\MyUnity-GroceryStore\功能实现\FunctionRealization\Library\PackageCache\com.unity.visualscripting@1.7.8\Editor\VisualScripting.Core\Dependencies\DotNetZip\Unity.VisualScripting.IonicZip.dll
Native extension for WindowsStandalone target not found
Refreshing native plugins compatible for Editor in 0.48 ms, found 1 plugins.
Preloading 0 native plugins for Editor in 0.00 ms.
Mono: successfully reloaded assembly
- Completed reload, in  0.837 seconds
Domain Reload Profiling:
	ReloadAssembly (838ms)
		BeginReloadAssembly (124ms)
			ExecutionOrderSort (0ms)
			DisableScriptedObjects (7ms)
			BackupInstance (0ms)
			ReleaseScriptingObjects (0ms)
			CreateAndSetChildDomain (32ms)
		EndReloadAssembly (620ms)
			LoadAssemblies (71ms)
			RebuildTransferFunctionScriptingTraits (0ms)
			SetupTypeCache (230ms)
			ReleaseScriptCaches (1ms)
			RebuildScriptCaches (41ms)
			SetupLoadedEditorAssemblies (227ms)
				LogAssemblyErrors (0ms)
				InitializePlatformSupportModulesInManaged (12ms)
				SetLoadedEditorAssemblies (0ms)
				RefreshPlugins (1ms)
				BeforeProcessingInitializeOnLoad (57ms)
				ProcessInitializeOnLoadAttributes (125ms)
				ProcessInitializeOnLoadMethodAttributes (29ms)
				AfterProcessingInitializeOnLoad (3ms)
				EditorAssembliesLoaded (0ms)
			ExecutionOrderSort2 (0ms)
			AwakeInstancesAfterBackupRestoration (13ms)
Platform modules already initialized, skipping
Refreshing native plugins compatible for Editor in 2.47 ms, found 1 plugins.
Preloading 0 native plugins for Editor in 0.00 ms.
Unloading 2921 Unused Serialized files (Serialized files now loaded: 0)
Unloading 10 unused Assets / (24.9 KB). Loaded Objects now: 3481.
Memory consumption went from 125.0 MB to 125.0 MB.
Total: 2.845400 ms (FindLiveObjects: 0.295200 ms CreateObjectMapping: 0.220200 ms MarkObjects: 2.286600 ms  DeleteObjects: 0.042400 ms)

AssetImportParameters requested are different than current active one (requested -> active):
  custom:video-decoder-ogg-theora: a1e56fd34408186e4bbccfd4996cb3dc -> 
  custom:container-muxer-webm: aa71ff27fc2769a1b78a27578f13a17b -> 
  custom:container-demuxer-webm: 4f35f7cbe854078d1ac9338744f61a02 -> 
  custom:video-encoder-webm-vp8: eb34c28f22e8b96e1ab97ce403110664 -> 
  custom:audio-encoder-webm-vorbis: bf7c407c2cedff20999df2af8eb42d56 -> 
  custom:framework-win-MediaFoundation: 216162199b28c13a410421893ffa2e32 -> 
  custom:container-demuxer-ogg: 62fdf1f143b41e24485cea50d1cbac27 -> 
  custom:video-decoder-webm-vp8: 9c59270c3fd7afecdb556c50c9e8de78 -> 
  custom:audio-decoder-ogg-vorbis: bf7c407c2cedff20999df2af8eb42d56 -> 
========================================================================
Received Prepare
Registering precompiled user dll's ...
Registered in 0.003736 seconds.
Begin MonoManager ReloadAssembly
Symbol file LoadedFromMemory doesn't match image C:\MyUnity-GroceryStore\功能实现\FunctionRealization\Library\PackageCache\com.unity.visualscripting@1.7.8\Editor\VisualScripting.Core\Dependencies\YamlDotNet\Unity.VisualScripting.YamlDotNet.dll
Symbol file LoadedFromMemory doesn't match image C:\MyUnity-GroceryStore\功能实现\FunctionRealization\Library\PackageCache\com.unity.visualscripting@1.7.8\Editor\VisualScripting.Core\Dependencies\DotNetZip\Unity.VisualScripting.IonicZip.dll
Native extension for WindowsStandalone target not found
Refreshing native plugins compatible for Editor in 0.68 ms, found 1 plugins.
Preloading 0 native plugins for Editor in 0.00 ms.
Mono: successfully reloaded assembly
- Completed reload, in  0.836 seconds
Domain Reload Profiling:
	ReloadAssembly (837ms)
		BeginReloadAssembly (120ms)
			ExecutionOrderSort (0ms)
			DisableScriptedObjects (7ms)
			BackupInstance (0ms)
			ReleaseScriptingObjects (0ms)
			CreateAndSetChildDomain (27ms)
		EndReloadAssembly (619ms)
			LoadAssemblies (71ms)
			RebuildTransferFunctionScriptingTraits (0ms)
			SetupTypeCache (224ms)
			ReleaseScriptCaches (1ms)
			RebuildScriptCaches (42ms)
			SetupLoadedEditorAssemblies (228ms)
				LogAssemblyErrors (0ms)
				InitializePlatformSupportModulesInManaged (11ms)
				SetLoadedEditorAssemblies (1ms)
				RefreshPlugins (1ms)
				BeforeProcessingInitializeOnLoad (56ms)
				ProcessInitializeOnLoadAttributes (126ms)
				ProcessInitializeOnLoadMethodAttributes (31ms)
				AfterProcessingInitializeOnLoad (3ms)
				EditorAssembliesLoaded (0ms)
			ExecutionOrderSort2 (0ms)
			AwakeInstancesAfterBackupRestoration (11ms)
Platform modules already initialized, skipping
Refreshing native plugins compatible for Editor in 1.47 ms, found 1 plugins.
Preloading 0 native plugins for Editor in 0.00 ms.
Unloading 2921 Unused Serialized files (Serialized files now loaded: 0)
Unloading 10 unused Assets / (25.0 KB). Loaded Objects now: 3484.
Memory consumption went from 125.0 MB to 125.0 MB.
Total: 10.591400 ms (FindLiveObjects: 0.354900 ms CreateObjectMapping: 0.568600 ms MarkObjects: 9.644200 ms  DeleteObjects: 0.022600 ms)

AssetImportParameters requested are different than current active one (requested -> active):
  custom:video-decoder-ogg-theora: a1e56fd34408186e4bbccfd4996cb3dc -> 
  custom:container-muxer-webm: aa71ff27fc2769a1b78a27578f13a17b -> 
  custom:container-demuxer-webm: 4f35f7cbe854078d1ac9338744f61a02 -> 
  custom:video-encoder-webm-vp8: eb34c28f22e8b96e1ab97ce403110664 -> 
  custom:audio-encoder-webm-vorbis: bf7c407c2cedff20999df2af8eb42d56 -> 
  custom:framework-win-MediaFoundation: 216162199b28c13a410421893ffa2e32 -> 
  custom:container-demuxer-ogg: 62fdf1f143b41e24485cea50d1cbac27 -> 
  custom:video-decoder-webm-vp8: 9c59270c3fd7afecdb556c50c9e8de78 -> 
  custom:audio-decoder-ogg-vorbis: bf7c407c2cedff20999df2af8eb42d56 -> 
========================================================================
Received Prepare
Registering precompiled user dll's ...
Registered in 0.003631 seconds.
Begin MonoManager ReloadAssembly
Symbol file LoadedFromMemory doesn't match image C:\MyUnity-GroceryStore\功能实现\FunctionRealization\Library\PackageCache\com.unity.visualscripting@1.7.8\Editor\VisualScripting.Core\Dependencies\YamlDotNet\Unity.VisualScripting.YamlDotNet.dll
Symbol file LoadedFromMemory doesn't match image C:\MyUnity-GroceryStore\功能实现\FunctionRealization\Library\PackageCache\com.unity.visualscripting@1.7.8\Editor\VisualScripting.Core\Dependencies\DotNetZip\Unity.VisualScripting.IonicZip.dll
Native extension for WindowsStandalone target not found
Refreshing native plugins compatible for Editor in 0.98 ms, found 1 plugins.
Preloading 0 native plugins for Editor in 0.00 ms.
Mono: successfully reloaded assembly
- Completed reload, in  0.843 seconds
Domain Reload Profiling:
	ReloadAssembly (844ms)
		BeginReloadAssembly (113ms)
			ExecutionOrderSort (0ms)
			DisableScriptedObjects (7ms)
			BackupInstance (0ms)
			ReleaseScriptingObjects (0ms)
			CreateAndSetChildDomain (25ms)
		EndReloadAssembly (642ms)
			LoadAssemblies (65ms)
			RebuildTransferFunctionScriptingTraits (0ms)
			SetupTypeCache (227ms)
			ReleaseScriptCaches (1ms)
			RebuildScriptCaches (39ms)
			SetupLoadedEditorAssemblies (233ms)
				LogAssemblyErrors (0ms)
				InitializePlatformSupportModulesInManaged (17ms)
				SetLoadedEditorAssemblies (1ms)
				RefreshPlugins (1ms)
				BeforeProcessingInitializeOnLoad (71ms)
				ProcessInitializeOnLoadAttributes (115ms)
				ProcessInitializeOnLoadMethodAttributes (25ms)
				AfterProcessingInitializeOnLoad (2ms)
				EditorAssembliesLoaded (0ms)
			ExecutionOrderSort2 (0ms)
			AwakeInstancesAfterBackupRestoration (10ms)
Platform modules already initialized, skipping
Refreshing native plugins compatible for Editor in 1.04 ms, found 1 plugins.
Preloading 0 native plugins for Editor in 0.00 ms.
Unloading 2898 Unused Serialized files (Serialized files now loaded: 0)
Unloading 27 unused Assets / (25.0 KB). Loaded Objects now: 3470.
Memory consumption went from 124.5 MB to 124.5 MB.
Total: 2.070200 ms (FindLiveObjects: 0.226500 ms CreateObjectMapping: 0.118400 ms MarkObjects: 1.698200 ms  DeleteObjects: 0.026400 ms)

AssetImportParameters requested are different than current active one (requested -> active):
  custom:video-decoder-ogg-theora: a1e56fd34408186e4bbccfd4996cb3dc -> 
  custom:container-muxer-webm: aa71ff27fc2769a1b78a27578f13a17b -> 
  custom:container-demuxer-webm: 4f35f7cbe854078d1ac9338744f61a02 -> 
  custom:video-encoder-webm-vp8: eb34c28f22e8b96e1ab97ce403110664 -> 
  custom:audio-encoder-webm-vorbis: bf7c407c2cedff20999df2af8eb42d56 -> 
  custom:framework-win-MediaFoundation: 216162199b28c13a410421893ffa2e32 -> 
  custom:container-demuxer-ogg: 62fdf1f143b41e24485cea50d1cbac27 -> 
  custom:video-decoder-webm-vp8: 9c59270c3fd7afecdb556c50c9e8de78 -> 
  custom:audio-decoder-ogg-vorbis: bf7c407c2cedff20999df2af8eb42d56 -> 
========================================================================
Received Prepare
Registering precompiled user dll's ...
Registered in 0.003656 seconds.
Begin MonoManager ReloadAssembly
Symbol file LoadedFromMemory doesn't match image C:\MyUnity-GroceryStore\功能实现\FunctionRealization\Library\PackageCache\com.unity.visualscripting@1.7.8\Editor\VisualScripting.Core\Dependencies\YamlDotNet\Unity.VisualScripting.YamlDotNet.dll
Symbol file LoadedFromMemory doesn't match image C:\MyUnity-GroceryStore\功能实现\FunctionRealization\Library\PackageCache\com.unity.visualscripting@1.7.8\Editor\VisualScripting.Core\Dependencies\DotNetZip\Unity.VisualScripting.IonicZip.dll
Native extension for WindowsStandalone target not found
Refreshing native plugins compatible for Editor in 0.56 ms, found 1 plugins.
Preloading 0 native plugins for Editor in 0.00 ms.
Mono: successfully reloaded assembly
- Completed reload, in  0.772 seconds
Domain Reload Profiling:
	ReloadAssembly (773ms)
		BeginReloadAssembly (110ms)
			ExecutionOrderSort (0ms)
			DisableScriptedObjects (6ms)
			BackupInstance (0ms)
			ReleaseScriptingObjects (0ms)
			CreateAndSetChildDomain (24ms)
		EndReloadAssembly (573ms)
			LoadAssemblies (67ms)
			RebuildTransferFunctionScriptingTraits (0ms)
			SetupTypeCache (206ms)
			ReleaseScriptCaches (1ms)
			RebuildScriptCaches (37ms)
			SetupLoadedEditorAssemblies (210ms)
				LogAssemblyErrors (0ms)
				InitializePlatformSupportModulesInManaged (10ms)
				SetLoadedEditorAssemblies (0ms)
				RefreshPlugins (1ms)
				BeforeProcessingInitializeOnLoad (53ms)
				ProcessInitializeOnLoadAttributes (115ms)
				ProcessInitializeOnLoadMethodAttributes (27ms)
				AfterProcessingInitializeOnLoad (3ms)
				EditorAssembliesLoaded (0ms)
			ExecutionOrderSort2 (0ms)
			AwakeInstancesAfterBackupRestoration (10ms)
Platform modules already initialized, skipping
Refreshing native plugins compatible for Editor in 1.10 ms, found 1 plugins.
Preloading 0 native plugins for Editor in 0.00 ms.
Unloading 2921 Unused Serialized files (Serialized files now loaded: 0)
Unloading 10 unused Assets / (24.9 KB). Loaded Objects now: 3490.
Memory consumption went from 125.0 MB to 125.0 MB.
Total: 3.155400 ms (FindLiveObjects: 0.507900 ms CreateObjectMapping: 0.450400 ms MarkObjects: 2.173000 ms  DeleteObjects: 0.023500 ms)

AssetImportParameters requested are different than current active one (requested -> active):
  custom:video-decoder-ogg-theora: a1e56fd34408186e4bbccfd4996cb3dc -> 
  custom:container-muxer-webm: aa71ff27fc2769a1b78a27578f13a17b -> 
  custom:container-demuxer-webm: 4f35f7cbe854078d1ac9338744f61a02 -> 
  custom:video-encoder-webm-vp8: eb34c28f22e8b96e1ab97ce403110664 -> 
  custom:audio-encoder-webm-vorbis: bf7c407c2cedff20999df2af8eb42d56 -> 
  custom:framework-win-MediaFoundation: 216162199b28c13a410421893ffa2e32 -> 
  custom:container-demuxer-ogg: 62fdf1f143b41e24485cea50d1cbac27 -> 
  custom:video-decoder-webm-vp8: 9c59270c3fd7afecdb556c50c9e8de78 -> 
  custom:audio-decoder-ogg-vorbis: bf7c407c2cedff20999df2af8eb42d56 -> 
========================================================================
Received Import Request.
  Time since last request: 786.037252 seconds.
  path: Assets/InteliMap AI Tilemap Generator/Scripts
  artifactKey: Guid(436ab23689c230e4ebce40cf9571bd10) Importer(815301076,1909f56bfc062723c751e8b465ee728b)
Start importing Assets/InteliMap AI Tilemap Generator/Scripts using Guid(436ab23689c230e4ebce40cf9571bd10) Importer(815301076,1909f56bfc062723c751e8b465ee728b)  -> (artifact id: '2d11e6b7c617095519ea2a84d1dc90c6') in 0.005728 seconds 
========================================================================
Received Prepare
Registering precompiled user dll's ...
Registered in 0.003308 seconds.
Begin MonoManager ReloadAssembly
Symbol file LoadedFromMemory doesn't match image C:\MyUnity-GroceryStore\功能实现\FunctionRealization\Library\PackageCache\com.unity.visualscripting@1.7.8\Editor\VisualScripting.Core\Dependencies\YamlDotNet\Unity.VisualScripting.YamlDotNet.dll
Symbol file LoadedFromMemory doesn't match image C:\MyUnity-GroceryStore\功能实现\FunctionRealization\Library\PackageCache\com.unity.visualscripting@1.7.8\Editor\VisualScripting.Core\Dependencies\DotNetZip\Unity.VisualScripting.IonicZip.dll
Native extension for WindowsStandalone target not found
Refreshing native plugins compatible for Editor in 0.53 ms, found 1 plugins.
Preloading 0 native plugins for Editor in 0.00 ms.
Mono: successfully reloaded assembly
- Completed reload, in  0.890 seconds
Domain Reload Profiling:
	ReloadAssembly (891ms)
		BeginReloadAssembly (125ms)
			ExecutionOrderSort (0ms)
			DisableScriptedObjects (8ms)
			BackupInstance (0ms)
			ReleaseScriptingObjects (0ms)
			CreateAndSetChildDomain (30ms)
		EndReloadAssembly (668ms)
			LoadAssemblies (73ms)
			RebuildTransferFunctionScriptingTraits (0ms)
			SetupTypeCache (283ms)
			ReleaseScriptCaches (1ms)
			RebuildScriptCaches (39ms)
			SetupLoadedEditorAssemblies (219ms)
				LogAssemblyErrors (0ms)
				InitializePlatformSupportModulesInManaged (11ms)
				SetLoadedEditorAssemblies (0ms)
				RefreshPlugins (1ms)
				BeforeProcessingInitializeOnLoad (55ms)
				ProcessInitializeOnLoadAttributes (121ms)
				ProcessInitializeOnLoadMethodAttributes (28ms)
				AfterProcessingInitializeOnLoad (3ms)
				EditorAssembliesLoaded (0ms)
			ExecutionOrderSort2 (0ms)
			AwakeInstancesAfterBackupRestoration (11ms)
Platform modules already initialized, skipping
Refreshing native plugins compatible for Editor in 1.25 ms, found 1 plugins.
Preloading 0 native plugins for Editor in 0.00 ms.
Unloading 2898 Unused Serialized files (Serialized files now loaded: 0)
Unloading 27 unused Assets / (24.8 KB). Loaded Objects now: 3476.
Memory consumption went from 124.6 MB to 124.5 MB.
Total: 3.290800 ms (FindLiveObjects: 0.426200 ms CreateObjectMapping: 0.377500 ms MarkObjects: 2.453500 ms  DeleteObjects: 0.032600 ms)

AssetImportParameters requested are different than current active one (requested -> active):
  custom:video-decoder-ogg-theora: a1e56fd34408186e4bbccfd4996cb3dc -> 
  custom:container-muxer-webm: aa71ff27fc2769a1b78a27578f13a17b -> 
  custom:container-demuxer-webm: 4f35f7cbe854078d1ac9338744f61a02 -> 
  custom:video-encoder-webm-vp8: eb34c28f22e8b96e1ab97ce403110664 -> 
  custom:audio-encoder-webm-vorbis: bf7c407c2cedff20999df2af8eb42d56 -> 
  custom:framework-win-MediaFoundation: 216162199b28c13a410421893ffa2e32 -> 
  custom:container-demuxer-ogg: 62fdf1f143b41e24485cea50d1cbac27 -> 
  custom:video-decoder-webm-vp8: 9c59270c3fd7afecdb556c50c9e8de78 -> 
  custom:audio-decoder-ogg-vorbis: bf7c407c2cedff20999df2af8eb42d56 -> 
========================================================================
Received Import Request.
  Time since last request: 380.405439 seconds.
  path: Assets/Function/SLG大地图/Prefabs/ex1
  artifactKey: Guid(36c24bb02e07437498b78dc0ab859c53) Importer(815301076,1909f56bfc062723c751e8b465ee728b)
Start importing Assets/Function/SLG大地图/Prefabs/ex1 using Guid(36c24bb02e07437498b78dc0ab859c53) Importer(815301076,1909f56bfc062723c751e8b465ee728b)  -> (artifact id: '99ed69a043540ed6fc9d060b7ad4f861') in 0.007152 seconds 
========================================================================
Received Prepare
Registering precompiled user dll's ...
Registered in 0.003268 seconds.
Begin MonoManager ReloadAssembly
Symbol file LoadedFromMemory doesn't match image C:\MyUnity-GroceryStore\功能实现\FunctionRealization\Library\PackageCache\com.unity.visualscripting@1.7.8\Editor\VisualScripting.Core\Dependencies\YamlDotNet\Unity.VisualScripting.YamlDotNet.dll
Symbol file LoadedFromMemory doesn't match image C:\MyUnity-GroceryStore\功能实现\FunctionRealization\Library\PackageCache\com.unity.visualscripting@1.7.8\Editor\VisualScripting.Core\Dependencies\DotNetZip\Unity.VisualScripting.IonicZip.dll
Native extension for WindowsStandalone target not found
Refreshing native plugins compatible for Editor in 0.58 ms, found 1 plugins.
Preloading 0 native plugins for Editor in 0.00 ms.
Mono: successfully reloaded assembly
- Completed reload, in  1.592 seconds
Domain Reload Profiling:
	ReloadAssembly (1593ms)
		BeginReloadAssembly (157ms)
			ExecutionOrderSort (0ms)
			DisableScriptedObjects (12ms)
			BackupInstance (0ms)
			ReleaseScriptingObjects (0ms)
			CreateAndSetChildDomain (31ms)
		EndReloadAssembly (1303ms)
			LoadAssemblies (73ms)
			RebuildTransferFunctionScriptingTraits (0ms)
			SetupTypeCache (345ms)
			ReleaseScriptCaches (2ms)
			RebuildScriptCaches (155ms)
			SetupLoadedEditorAssemblies (536ms)
				LogAssemblyErrors (0ms)
				InitializePlatformSupportModulesInManaged (33ms)
				SetLoadedEditorAssemblies (1ms)
				RefreshPlugins (1ms)
				BeforeProcessingInitializeOnLoad (159ms)
				ProcessInitializeOnLoadAttributes (251ms)
				ProcessInitializeOnLoadMethodAttributes (87ms)
				AfterProcessingInitializeOnLoad (4ms)
				EditorAssembliesLoaded (0ms)
			ExecutionOrderSort2 (0ms)
			AwakeInstancesAfterBackupRestoration (38ms)
Platform modules already initialized, skipping
Refreshing native plugins compatible for Editor in 1.51 ms, found 1 plugins.
Preloading 0 native plugins for Editor in 0.00 ms.
Unloading 2921 Unused Serialized files (Serialized files now loaded: 0)
Unloading 10 unused Assets / (24.9 KB). Loaded Objects now: 3496.
Memory consumption went from 125.0 MB to 125.0 MB.
Total: 5.159300 ms (FindLiveObjects: 1.124200 ms CreateObjectMapping: 0.452400 ms MarkObjects: 3.555800 ms  DeleteObjects: 0.025400 ms)

AssetImportParameters requested are different than current active one (requested -> active):
  custom:video-decoder-ogg-theora: a1e56fd34408186e4bbccfd4996cb3dc -> 
  custom:container-muxer-webm: aa71ff27fc2769a1b78a27578f13a17b -> 
  custom:container-demuxer-webm: 4f35f7cbe854078d1ac9338744f61a02 -> 
  custom:video-encoder-webm-vp8: eb34c28f22e8b96e1ab97ce403110664 -> 
  custom:audio-encoder-webm-vorbis: bf7c407c2cedff20999df2af8eb42d56 -> 
  custom:framework-win-MediaFoundation: 216162199b28c13a410421893ffa2e32 -> 
  custom:container-demuxer-ogg: 62fdf1f143b41e24485cea50d1cbac27 -> 
  custom:video-decoder-webm-vp8: 9c59270c3fd7afecdb556c50c9e8de78 -> 
  custom:audio-decoder-ogg-vorbis: bf7c407c2cedff20999df2af8eb42d56 -> 
========================================================================
Received Import Request.
  Time since last request: 42.476129 seconds.
  path: Assets/InteliMap AI Tilemap Generator/Examples/Scripts
  artifactKey: Guid(061ef15913bd47d4baa45716de0369ca) Importer(815301076,1909f56bfc062723c751e8b465ee728b)
Start importing Assets/InteliMap AI Tilemap Generator/Examples/Scripts using Guid(061ef15913bd47d4baa45716de0369ca) Importer(815301076,1909f56bfc062723c751e8b465ee728b)  -> (artifact id: '17328b7ccd33524c94f29694104a6ca5') in 0.005762 seconds 
========================================================================
Received Prepare
Registering precompiled user dll's ...
Registered in 0.002754 seconds.
Begin MonoManager ReloadAssembly
Symbol file LoadedFromMemory doesn't match image C:\MyUnity-GroceryStore\功能实现\FunctionRealization\Library\PackageCache\com.unity.visualscripting@1.7.8\Editor\VisualScripting.Core\Dependencies\YamlDotNet\Unity.VisualScripting.YamlDotNet.dll
Symbol file LoadedFromMemory doesn't match image C:\MyUnity-GroceryStore\功能实现\FunctionRealization\Library\PackageCache\com.unity.visualscripting@1.7.8\Editor\VisualScripting.Core\Dependencies\DotNetZip\Unity.VisualScripting.IonicZip.dll
Native extension for WindowsStandalone target not found
Refreshing native plugins compatible for Editor in 0.41 ms, found 1 plugins.
Preloading 0 native plugins for Editor in 0.00 ms.
Mono: successfully reloaded assembly
- Completed reload, in  0.909 seconds
Domain Reload Profiling:
	ReloadAssembly (910ms)
		BeginReloadAssembly (122ms)
			ExecutionOrderSort (0ms)
			DisableScriptedObjects (7ms)
			BackupInstance (0ms)
			ReleaseScriptingObjects (0ms)
			CreateAndSetChildDomain (27ms)
		EndReloadAssembly (691ms)
			LoadAssemblies (74ms)
			RebuildTransferFunctionScriptingTraits (0ms)
			SetupTypeCache (267ms)
			ReleaseScriptCaches (1ms)
			RebuildScriptCaches (59ms)
			SetupLoadedEditorAssemblies (221ms)
				LogAssemblyErrors (0ms)
				InitializePlatformSupportModulesInManaged (12ms)
				SetLoadedEditorAssemblies (0ms)
				RefreshPlugins (0ms)
				BeforeProcessingInitializeOnLoad (54ms)
				ProcessInitializeOnLoadAttributes (123ms)
				ProcessInitializeOnLoadMethodAttributes (29ms)
				AfterProcessingInitializeOnLoad (3ms)
				EditorAssembliesLoaded (0ms)
			ExecutionOrderSort2 (0ms)
			AwakeInstancesAfterBackupRestoration (12ms)
Platform modules already initialized, skipping
Refreshing native plugins compatible for Editor in 1.32 ms, found 1 plugins.
Preloading 0 native plugins for Editor in 0.00 ms.
Unloading 2898 Unused Serialized files (Serialized files now loaded: 0)
Unloading 27 unused Assets / (24.9 KB). Loaded Objects now: 3482.
Memory consumption went from 124.6 MB to 124.6 MB.
Total: 2.278200 ms (FindLiveObjects: 0.262200 ms CreateObjectMapping: 0.144300 ms MarkObjects: 1.843600 ms  DeleteObjects: 0.027200 ms)

AssetImportParameters requested are different than current active one (requested -> active):
  custom:video-decoder-ogg-theora: a1e56fd34408186e4bbccfd4996cb3dc -> 
  custom:container-muxer-webm: aa71ff27fc2769a1b78a27578f13a17b -> 
  custom:container-demuxer-webm: 4f35f7cbe854078d1ac9338744f61a02 -> 
  custom:video-encoder-webm-vp8: eb34c28f22e8b96e1ab97ce403110664 -> 
  custom:audio-encoder-webm-vorbis: bf7c407c2cedff20999df2af8eb42d56 -> 
  custom:framework-win-MediaFoundation: 216162199b28c13a410421893ffa2e32 -> 
  custom:container-demuxer-ogg: 62fdf1f143b41e24485cea50d1cbac27 -> 
  custom:video-decoder-webm-vp8: 9c59270c3fd7afecdb556c50c9e8de78 -> 
  custom:audio-decoder-ogg-vorbis: bf7c407c2cedff20999df2af8eb42d56 -> 
========================================================================
Received Import Request.
  Time since last request: 106.835823 seconds.
  path: Assets/Function/SLG大地图/Prefabs/ex1/Example 1 sprite map_25.asset
  artifactKey: Guid(250c3d9473fb2da4bb2c342eee9976b9) Importer(815301076,1909f56bfc062723c751e8b465ee728b)
Start importing Assets/Function/SLG大地图/Prefabs/ex1/Example 1 sprite map_25.asset using Guid(250c3d9473fb2da4bb2c342eee9976b9) Importer(815301076,1909f56bfc062723c751e8b465ee728b)  -> (artifact id: '3578f12cab01ef95edf405a8bd8fc1e9') in 0.062295 seconds 
========================================================================
Received Import Request.
  Time since last request: 9.333086 seconds.
  path: Assets/Function/SLG大地图/Scenes/Example 1.unity
  artifactKey: Guid(98445aae6bdac0746aaf33840c60724b) Importer(815301076,1909f56bfc062723c751e8b465ee728b)
Start importing Assets/Function/SLG大地图/Scenes/Example 1.unity using Guid(98445aae6bdac0746aaf33840c60724b) Importer(815301076,1909f56bfc062723c751e8b465ee728b)  -> (artifact id: 'cdc1d010bcbb0407428f1342a1266764') in 0.001280 seconds 
========================================================================
Received Import Request.
  Time since last request: 5.517703 seconds.
  path: Assets/Function/SLG大地图/Scenes/WorldMap.unity
  artifactKey: Guid(98445aae6bdac0746aaf33840c60724b) Importer(815301076,1909f56bfc062723c751e8b465ee728b)
Start importing Assets/Function/SLG大地图/Scenes/WorldMap.unity using Guid(98445aae6bdac0746aaf33840c60724b) Importer(815301076,1909f56bfc062723c751e8b465ee728b)  -> (artifact id: '3b6e096273b44180120636d9070440d2') in 0.001620 seconds 
========================================================================
Received Import Request.
  Time since last request: 389.530211 seconds.
  path: Assets/Function/TileWorldMap
  artifactKey: Guid(45053a1b51e457249885d76428bb4da4) Importer(815301076,1909f56bfc062723c751e8b465ee728b)
Start importing Assets/Function/TileWorldMap using Guid(45053a1b51e457249885d76428bb4da4) Importer(815301076,1909f56bfc062723c751e8b465ee728b)  -> (artifact id: '7c84d6386d950c59a67c9085dc069b4b') in 0.002293 seconds 
========================================================================
Received Prepare
Registering precompiled user dll's ...
Registered in 0.003645 seconds.
Begin MonoManager ReloadAssembly
Symbol file LoadedFromMemory doesn't match image C:\MyUnity-GroceryStore\功能实现\FunctionRealization\Library\PackageCache\com.unity.visualscripting@1.7.8\Editor\VisualScripting.Core\Dependencies\YamlDotNet\Unity.VisualScripting.YamlDotNet.dll
Symbol file LoadedFromMemory doesn't match image C:\MyUnity-GroceryStore\功能实现\FunctionRealization\Library\PackageCache\com.unity.visualscripting@1.7.8\Editor\VisualScripting.Core\Dependencies\DotNetZip\Unity.VisualScripting.IonicZip.dll
Native extension for WindowsStandalone target not found
Refreshing native plugins compatible for Editor in 0.51 ms, found 1 plugins.
Preloading 0 native plugins for Editor in 0.00 ms.
Mono: successfully reloaded assembly
- Completed reload, in  0.894 seconds
Domain Reload Profiling:
	ReloadAssembly (895ms)
		BeginReloadAssembly (141ms)
			ExecutionOrderSort (0ms)
			DisableScriptedObjects (8ms)
			BackupInstance (0ms)
			ReleaseScriptingObjects (0ms)
			CreateAndSetChildDomain (33ms)
		EndReloadAssembly (653ms)
			LoadAssemblies (87ms)
			RebuildTransferFunctionScriptingTraits (0ms)
			SetupTypeCache (236ms)
			ReleaseScriptCaches (1ms)
			RebuildScriptCaches (46ms)
			SetupLoadedEditorAssemblies (234ms)
				LogAssemblyErrors (0ms)
				InitializePlatformSupportModulesInManaged (12ms)
				SetLoadedEditorAssemblies (0ms)
				RefreshPlugins (1ms)
				BeforeProcessingInitializeOnLoad (58ms)
				ProcessInitializeOnLoadAttributes (129ms)
				ProcessInitializeOnLoadMethodAttributes (30ms)
				AfterProcessingInitializeOnLoad (3ms)
				EditorAssembliesLoaded (0ms)
			ExecutionOrderSort2 (0ms)
			AwakeInstancesAfterBackupRestoration (14ms)
Platform modules already initialized, skipping
Refreshing native plugins compatible for Editor in 1.08 ms, found 1 plugins.
Preloading 0 native plugins for Editor in 0.00 ms.
Unloading 2921 Unused Serialized files (Serialized files now loaded: 0)
Unloading 10 unused Assets / (24.9 KB). Loaded Objects now: 3503.
Memory consumption went from 125.1 MB to 125.0 MB.
Total: 4.077600 ms (FindLiveObjects: 1.474700 ms CreateObjectMapping: 0.222000 ms MarkObjects: 2.355700 ms  DeleteObjects: 0.024400 ms)

AssetImportParameters requested are different than current active one (requested -> active):
  custom:video-decoder-ogg-theora: a1e56fd34408186e4bbccfd4996cb3dc -> 
  custom:container-muxer-webm: aa71ff27fc2769a1b78a27578f13a17b -> 
  custom:container-demuxer-webm: 4f35f7cbe854078d1ac9338744f61a02 -> 
  custom:video-encoder-webm-vp8: eb34c28f22e8b96e1ab97ce403110664 -> 
  custom:audio-encoder-webm-vorbis: bf7c407c2cedff20999df2af8eb42d56 -> 
  custom:framework-win-MediaFoundation: 216162199b28c13a410421893ffa2e32 -> 
  custom:container-demuxer-ogg: 62fdf1f143b41e24485cea50d1cbac27 -> 
  custom:video-decoder-webm-vp8: 9c59270c3fd7afecdb556c50c9e8de78 -> 
  custom:audio-decoder-ogg-vorbis: bf7c407c2cedff20999df2af8eb42d56 -> 
